"../../../Engine/Content/Functions/Engine_MaterialFunctions01/Opacity/CameraDepthFade.uasset" 0
"../../../Engine/Content/EngineMaterials/T_Default_Material_Grid_M.uasset" 1
"../../../Engine/Content/EngineMaterials/T_Default_Material_Grid_N.uasset" 2
"../../../Engine/Content/EngineMaterials/DefaultMaterial.uasset" 3
"../../../Engine/Content/BasicShapes/Cone.uasset" 4
"../../../Engine/Content/EngineMaterials/WorldGridMaterial.uasset" 5
"../../../Engine/Content/BasicShapes/Plane.uasset" 6
"../../../Engine/Content/EditorLandscapeResources/DataLayer.uasset" 7
"../../../Engine/Content/EditorMaterials/GizmoMaterial.uasset" 8
"../../../Engine/Content/EditorMaterials/MAT_Groups_Toggle.uasset" 9
"../../../Engine/Content/EditorMaterials/MAT_Groups_Visibility.uasset" 10
"../../../Engine/Content/EditorMaterials/PreviewShadowIndicator.uasset" 11
"../../../Engine/Content/EditorMaterials/PreviewShadowIndicatorMaterial.uasset" 12
"../../../Engine/Content/EditorMaterials/AssetViewer/EpicQuadPanorama_CC+EV1.uasset" 13
"../../../Engine/Content/EditorMaterials/MatineeGroups/MAT_ColorTrack.uasset" 14
"../../../Engine/Content/EditorMaterials/MatineeGroups/MAT_Groups_Anim.uasset" 15
"../../../Engine/Content/EditorMaterials/MatineeGroups/MAT_Groups_AudioMaster.uasset" 16
"../../../Engine/Content/EditorMaterials/MatineeGroups/MAT_Groups_Director.uasset" 17
"../../../Engine/Content/EditorMaterials/MatineeGroups/MAT_Groups_Event.uasset" 18
"../../../Engine/Content/EditorMaterials/MatineeGroups/MAT_Groups_Fade.uasset" 19
"../../../Engine/Content/EditorMaterials/MatineeGroups/MAT_Groups_Float.uasset" 20
"../../../Engine/Content/EditorMaterials/MatineeGroups/MAT_Groups_Move.uasset" 21
"../../../Engine/Content/EditorMaterials/MatineeGroups/MAT_Groups_Slomo.uasset" 22
"../../../Engine/Content/EditorMaterials/MatineeGroups/MAT_Groups_Sound.uasset" 23
"../../../Engine/Content/EditorMaterials/MatineeGroups/MAT_Groups_Vector.uasset" 24
"../../../Engine/Content/EditorMaterials/ParticleSystems/PSysThumbnail_NoImage.uasset" 25
"../../../Engine/Content/EditorMaterials/ParticleSystems/PSysThumbnail_OOD.uasset" 26
"../../../Engine/Content/EditorMaterials/Camera/CineMat.uasset" 27
"../../../Engine/Content/EditorMaterials/Camera/MI_CineMat_Rig.uasset" 28
"../../../Engine/Content/EditorMeshes/Camera/SM_CraneRig_Arm.uasset" 29
"../../../Engine/Content/EditorMeshes/Camera/SM_CraneRig_Base.uasset" 30
"../../../Engine/Content/EditorMeshes/Camera/SM_CraneRig_Body.uasset" 31
"../../../Engine/Content/EditorMeshes/Camera/SM_CraneRig_Mount.uasset" 32
"../../../Engine/Content/EditorMeshes/Camera/SM_RailRig_Mount.uasset" 33
"../../../Engine/Content/EditorMeshes/Camera/SM_RailRig_Track.uasset" 34
"../../../Engine/Content/EditorMeshes/ColorCalibrator/M_ChromeBall.uasset" 35
"../../../Engine/Content/EditorMeshes/ColorCalibrator/M_ClearCoat.uasset" 36
"../../../Engine/Content/EditorMeshes/ColorCalibrator/M_ClearCoatBlack.uasset" 37
"../../../Engine/Content/EditorMeshes/ColorCalibrator/T_ColorGrid.uasset" 38
"../../../Engine/Content/EditorMeshes/ColorCalibrator/M_ColorGrid.uasset" 39
"../../../Engine/Content/EditorMeshes/ColorCalibrator/M_GreyBall.uasset" 40
"../../../Engine/Content/EditorMeshes/ColorCalibrator/SM_ColorCalibrator.uasset" 41
"../../../Engine/Content/EditorResources/BSPVertex.uasset" 42
"../../../Engine/Content/EditorResources/EmptyActor.uasset" 43
"../../../Engine/Content/EditorResources/RGBTable16x1_AssetViewer.uasset" 44
"../../../Engine/Content/EditorResources/S_Actor.uasset" 45
"../../../Engine/Content/EditorResources/S_Trigger.uasset" 46
"../../../Engine/Content/EditorResources/LightIcons/S_LightError.uasset" 47
"../../../Engine/Content/EditorResources/SequenceRecorder/Countdown.uasset" 48
"../../../Engine/Content/EditorResources/SequenceRecorder/RecordingIndicator.uasset" 49
"../../../Engine/Content/EditorSounds/Notifications/CompileFailed.uasset" 50
"../../../Engine/Content/EditorSounds/Notifications/CompileFailed_Cue.uasset" 51
"../../../Engine/Content/EditorSounds/Notifications/CompileSuccess.uasset" 52
"../../../Engine/Content/EditorSounds/Notifications/CompileStart_Cue.uasset" 53
"../../../Engine/Content/EditorSounds/Notifications/CompileSuccess_Cue.uasset" 54
"../../../Engine/Content/EngineDamageTypes/DmgTypeBP_Environmental.uasset" 55
"../../../Engine/Content/EngineDebugMaterials/HeatmapGradient.uasset" 56
"../../../Engine/Content/EngineDebugMaterials/BoneWeightMaterial.uasset" 57
"../../../Engine/Content/EngineDebugMaterials/DebugMeshMaterial.uasset" 58
"../../../Engine/Content/EngineDebugMaterials/GeomMaterial.uasset" 59
"../../../Engine/Content/EngineFonts/Faces/RobotoBold.uasset" 60
"../../../Engine/Content/EngineFonts/Faces/RobotoBoldItalic.uasset" 61
"../../../Engine/Content/EngineFonts/Faces/RobotoItalic.uasset" 62
"../../../Engine/Content/EngineFonts/Faces/RobotoLight.uasset" 63
"../../../Engine/Content/EngineFonts/Faces/RobotoRegular.uasset" 64
"../../../Engine/Content/EngineFonts/Roboto.uasset" 65
"../../../Engine/Content/EngineFonts/Faces/RobotoTiny.uasset" 66
"../../../Engine/Content/EngineFonts/RobotoTiny.uasset" 67
"../../../Engine/Content/EngineMaterials/DefaultBokeh.uasset" 68
"../../../Engine/Content/EngineMaterials/DefaultDiffuse.uasset" 69
"../../../Engine/Content/EngineMaterials/DefaultDeferredDecalMaterial.uasset" 70
"../../../Engine/Content/EngineMaterials/DefaultLightFunctionMaterial.uasset" 71
"../../../Engine/Content/EngineMaterials/DefaultPhysicalMaterial.uasset" 72
"../../../Engine/Content/Functions/Engine_MaterialFunctions02/Utility/BreakOutFloat2Components.uasset" 73
"../../../Engine/Content/EngineMaterials/DefaultPostProcessMaterial.uasset" 74
"../../../Engine/Content/EngineFonts/RobotoDistanceField.uasset" 75
"../../../Engine/Content/EngineMaterials/DefaultTextMaterialOpaque.uasset" 76
"../../../Engine/Content/EngineMaterials/DefaultWhiteGrid.uasset" 77
"../../../Engine/Content/EngineMaterials/EditorBrushMaterial.uasset" 78
"../../../Engine/Content/EngineMaterials/Good64x64TilingNoiseHighFreq.uasset" 79
"../../../Engine/Content/EngineMaterials/MiniFont.uasset" 80
"../../../Engine/Content/EngineMaterials/InvalidLightmapSettings.uasset" 81
"../../../Engine/Content/EngineMaterials/M_InvalidLightmapSettings.uasset" 82
"../../../Engine/Content/EngineMaterials/PhAT_JointLimitMaterial.uasset" 83
"../../../Engine/Content/EngineMaterials/PreintegratedSkinBRDF.uasset" 84
"../../../Engine/Content/EngineMaterials/RemoveSurfaceMaterial.uasset" 85
"../../../Engine/Content/EngineMaterials/WeightMapPlaceholderTexture.uasset" 86
"../../../Engine/Content/EngineResources/WhiteSquareTexture.uasset" 87
"../../../Engine/Content/EngineMaterials/Widget3DPassThrough.uasset" 88
"../../../Engine/Content/EngineMaterials/Widget3DPassThrough_Masked.uasset" 89
"../../../Engine/Content/EngineMaterials/Widget3DPassThrough_Opaque.uasset" 90
"../../../Engine/Content/EngineMaterials/Widget3DPassThrough_Masked_OneSided.uasset" 91
"../../../Engine/Content/EngineMaterials/Widget3DPassThrough_Opaque_OneSided.uasset" 92
"../../../Engine/Content/EngineMaterials/Widget3DPassThrough_Translucent.uasset" 93
"../../../Engine/Content/EngineMaterials/Widget3DPassThrough_Translucent_OneSided.uasset" 94
"../../../Engine/Content/EngineMeshes/Cube.uasset" 95
"../../../Engine/Content/EngineMeshes/Cylinder.uasset" 96
"../../../Engine/Content/EngineMeshes/Sphere.uasset" 97
"../../../Engine/Content/EngineResources/Black.uasset" 98
"../../../Engine/Content/EngineResources/DefaultTexture.uasset" 99
"../../../Engine/Content/EngineResources/DefaultTextureCube.uasset" 100
"../../../Engine/Content/EngineResources/GradientTexture0.uasset" 101
"../../../Engine/Content/EngineSounds/Master.uasset" 102
"../../../Engine/Content/Functions/Engine_MaterialFunctions01/Shading/ConvertFromDiffSpec.uasset" 103
"../../../Engine/Content/Functions/Engine_MaterialFunctions01/Shading/PowerToRoughness.uasset" 104
"../../../Engine/Content/Maps/Templates/Thumbnails/Default.uasset" 105
"../../../Engine/Content/Maps/Templates/Thumbnails/VR-Basic.uasset" 106
"../../../Engine/Content/MobileResources/T_MobileControls_texture.uasset" 107
"../../../Engine/Content/MobileResources/T_MobileMenu2.uasset" 108
"../../../Engine/Content/MobileResources/HUD/AnalogHat.uasset" 109
"../../../Engine/Content/MobileResources/HUD/VirtualJoystick_Background.uasset" 110
"../../../Engine/Content/MobileResources/HUD/VirtualJoystick_Thumb.uasset" 111
"../../../Engine/Content/MobileResources/HUD/DefaultVirtualJoysticks.uasset" 112
"../../../Engine/Content/MobileResources/HUD/LeftVirtualJoystickOnly.uasset" 113
"../../../Engine/Content/MobileResources/HUD/MobileHUDButton1_off.uasset" 114
"../../../Engine/Content/MobileResources/HUD/MobileHUDButton1_on.uasset" 115
"../../../Engine/Content/MobileResources/HUD/MobileHUDButton2_off.uasset" 116
"../../../Engine/Content/MobileResources/HUD/MobileHUDButton2_on.uasset" 117
"../../../Engine/Content/MobileResources/HUD/MobileHUDButton3.uasset" 118
"../../../Engine/Content/MobileResources/HUD/MobileHUDButtonFire.uasset" 119
"../../../Engine/Content/MobileResources/HUD/MobileHUDDirectionPad.uasset" 120
"../../../Engine/Content/MobileResources/HUD/MobileHUDDirectionPad2.uasset" 121
"../../../Engine/Content/MobileResources/HUD/MobileHUDDirectionPad3.uasset" 122
"../../../Engine/Content/MobileResources/HUD/MobileHUDDirectionStick.uasset" 123
"../../../Engine/Content/MobileResources/HUD/T_Castle_ThumbstickInner.uasset" 124
"../../../Engine/Content/MobileResources/HUD/T_Castle_ThumbstickOutter.uasset" 125
"../../../Engine/Content/Tutorial/ContentIntroCurve.uasset" 126
"../../../Engine/Content/Tutorial/Basics/TutorialAssets/icon_tab_Levels_40x.uasset" 127
"../../../Engine/Content/Tutorial/BlueprintTutorials/TutorialAssets/BlueprintInterface_64x.uasset" 128
"../../../Engine/Content/Tutorial/BlueprintTutorials/TutorialAssets/BlueprintMacroLibrary_64x.uasset" 129
"../../../Engine/Content/Tutorial/BlueprintTutorials/TutorialAssets/Blueprint_64x.uasset" 130
"../../../Engine/Content/Tutorial/BlueprintTutorials/TutorialAssets/Tutorial_BP_Interface.uasset" 131
"../../../Engine/Content/Tutorial/Foliage/TutorialAssets/Foliage.uasset" 132
"../../../Engine/Content/Tutorial/Landscape/TutorialAssets/Landscape.uasset" 133
"../../../Engine/Content/Tutorial/Paper2D/TutorialAssets/Paper2DFlipbook_TutorialIcon.uasset" 134
"../../../Engine/Content/Tutorial/Paper2D/TutorialAssets/Paper2DSprite_TutorialIcon.uasset" 135
"../../../Engine/Content/Tutorial/SubEditors/TutorialAssets/icon_Editor_Preferences_General_40x.uasset" 136
"../../../Engine/Content/Tutorial/SubEditors/TutorialAssets/icon_ShowSkeletalMeshes_40x.uasset" 137
"../../../Engine/Content/Tutorial/SubEditors/TutorialAssets/TutorialMaterial.uasset" 138
"../../../Engine/Content/Tutorial/SubEditors/TutorialAssets/T_SmokeSubUV_8X8.uasset" 139
"../../../Engine/Content/Tutorial/SubEditors/TutorialAssets/T_soft_smoke.uasset" 140
"../../../Engine/Content/Tutorial/SubEditors/TutorialAssets/M_smoke_subUV_blackbody.uasset" 141
"../../../Engine/Content/Tutorial/SubEditors/TutorialAssets/TutorialParticleSystem.uasset" 142
"../../../Engine/Content/EditorMeshes/EditorCube.uasset" 143
"../../../Engine/Content/Tutorial/SubEditors/TutorialAssets/Tutorial_DM.uasset" 144
"../../../Engine/Content/VREditor/Devices/Generic/GenericHMDMaterial.uasset" 145
"../../../Engine/Content/VREditor/Devices/Generic/GenericHMD.uasset" 146
"../../../Engine/Content/VREditor/FloatingText/LineMaterial.uasset" 147
"../../../Engine/Content/VREditor/FloatingText/JointSphere.uasset" 148
"../../../Engine/Content/VREditor/FloatingText/LineSegmentCylinder.uasset" 149
"../../../Engine/Content/VREditor/Fonts/VRText_RobotoLarge.uasset" 150
"../../../Engine/Content/VREditor/Fonts/VRTextMaterial.uasset" 151
"../../../Engine/Content/VREditor/Fonts/TranslucentVRTextMaterial.uasset" 152
"../../../Engine/Content/VREditor/LaserPointer/VR_LaserPower_01.uasset" 153
"../../../Engine/Content/VREditor/LaserPointer/LaserPointerMaterial.uasset" 154
"../../../Engine/Content/VREditor/LaserPointer/LaserPointerMaterialInst.uasset" 155
"../../../Engine/Content/VREditor/LaserPointer/TranslucentLaserPointerMaterialInst.uasset" 156
"../../../Engine/Content/VREditor/LaserPointer/LaserPointerMesh.uasset" 157
"../../../Engine/Content/VREditor/Sounds/VR_grab_Cue.uasset" 158
"../../../Engine/Content/VREditor/Sounds/VR_teleport_Cue.uasset" 159
"../../../Engine/Content/VREditor/TransformGizmo/TransformGizmoMaterial.uasset" 160
"../../../Engine/Content/VREditor/TransformGizmo/TranslucentTransformGizmoMaterial.uasset" 161
"../../../Engine/Content/VREditor/TransformGizmo/BoundingBoxCorner.uasset" 162
"../../../Engine/Content/VREditor/TransformGizmo/BoundingBoxEdge.uasset" 163
"../../../Engine/Content/VREditor/TransformGizmo/PlaneTranslationHandle.uasset" 164
"../../../Engine/Content/VREditor/TransformGizmo/RotationHandle.uasset" 165
"../../../Engine/Content/VREditor/TransformGizmo/RotationHandleFull.uasset" 166
"../../../Engine/Content/VREditor/TransformGizmo/StretchingHandle.uasset" 167
"../../../Engine/Content/VREditor/TransformGizmo/TranslateHandleLong.uasset" 168
"../../../Engine/Content/VREditor/TransformGizmo/TranslationHandle.uasset" 169
"../../../Engine/Content/VREditor/TransformGizmo/UniformScaleHandle.uasset" 170
"../../../Engine/Content/VREditor/UI/CloseButtonMesh.uasset" 171
"../../../Engine/Content/VREditor/UI/SelectionBarMesh.uasset" 172
"../../../Engine/Content/Functions/Engine_MaterialFunctions01/Gradient/RadialGradient.uasset" 173
"../../../Engine/Content/VREditor/WorldMovementGrid/SimpleGrid.uasset" 174
"../../../Engine/Content/VREditor/WorldMovementGrid/GridMaterial.uasset" 175
"../../../Engine/Content/Functions/Engine_MaterialFunctions01/Density/ExponentialDensity.uasset" 176
"../../../Engine/Content/VREditor/WorldMovementGrid/GridPostProcess.uasset" 177
"../../../Engine/Content/EditorLandscapeResources/FlattenHeightMat.uasset" 178
"../../../Engine/Content/VREditor/WorldMovementGrid/PlaneMesh.uasset" 179
"../../../CarGame/Content/Heat.uasset" 180
"../../../CarGame/Content/Heatwave.uasset" 181
"../../../CarGame/Content/LevelDatabaseActor.uasset" 182
"../../../CarGame/Content/AimTest/BasicArms/AimCenter_Skeleton.uasset" 183
"../../../CarGame/Content/AimTest/ArmBlendSpace.uasset" 184
"../../../CarGame/Content/AimTest/Hand_On_Wheel.uasset" 185
"../../../CarGame/Content/AimTest/BasicArms/AimRightDown_Anim.uasset" 186
"../../../CarGame/Content/AimTest/BasicArms/AimRightUp_Anim.uasset" 187
"../../../CarGame/Content/AimTest/BasicArms/ShottyPump.uasset" 188
"../../../CarGame/Content/AimTest/BasicArms/ShotgunPump.uasset" 189
"../../../CarGame/Content/AimTest2/CenterDown_Anim.uasset" 190
"../../../CarGame/Content/AimTest2/ArmsRigTest2AimOffset.uasset" 191
"../../../CarGame/Content/Car/CarBoneTest/CarRiggedScaled_PhysicsAsset.uasset" 192
"../../../CarGame/Content/Car/CarBoneTest/CarRigged_PhysicsAsset.uasset" 193
"../../../CarGame/Content/Car/CarBoneTest/CarScaledAndRigged.uasset" 194
"../../../CarGame/Content/Car/CarBoneTest/CarTest.uasset" 195
"../../../CarGame/Content/Car/CarBoneTest/Car_Bone_Test_PhysicsAsset.uasset" 196
"../../../CarGame/Content/Car/CarBoneTest/SedanModified/CarRiggedScaled100.uasset" 197
"../../../CarGame/Content/AimTest/BasicArms/AimCenter_Anim.uasset" 198
"../../../CarGame/Content/AimTest/BasicArms/AimLeft_Anim.uasset" 199
"../../../CarGame/Content/AimTest/BasicArms/AimLeftWindow_Anim.uasset" 200
"../../../CarGame/Content/AimTest/BasicArms/AimRight_Anim.uasset" 201
"../../../CarGame/Content/AimTest/BasicArms/AimRightWindow_Anim.uasset" 202
"../../../CarGame/Content/AimTest/BasicArms/CenterDown_Anim.uasset" 203
"../../../CarGame/Content/AimTest/BasicArms/CenterUp_Anim.uasset" 204
"../../../CarGame/Content/AimTest/BasicArms/LeftDown_Anim.uasset" 205
"../../../CarGame/Content/AimTest/BasicArms/LeftUp_Anim.uasset" 206
"../../../CarGame/Content/AimTest/BasicArms/RightDown_Anim.uasset" 207
"../../../CarGame/Content/AimTest/BasicArms/RightUp_Anim.uasset" 208
"../../../CarGame/Content/AimTest/BasicArms/ArmsAimOffset.uasset" 209
"../../../CarGame/Content/Car/CarRigDone/CarTexturedRigged_Skeleton.uasset" 210
"../../../CarGame/Content/Car/CarRigDone/CarTexturedAnimBP.uasset" 211
"../../../CarGame/Content/Test/Guns/DesertEagle/Desert_Eagle_Skeleton.uasset" 212
"../../../CarGame/Content/Test/Guns/DesertEagle/Desert_Eagle_Idle_Anim.uasset" 213
"../../../CarGame/Content/Test/Guns/DesertEagle/Desert_Eagle_OutOfAmmo_Anim.uasset" 214
"../../../CarGame/Content/Test/Guns/DesertEagle/Desert_Eagle_Shooting_Anim.uasset" 215
"../../../CarGame/Content/Test/Guns/DesertEagle/DesertEagleAnimBP.uasset" 216
"../../../CarGame/Content/Test/Glock_Skeleton.uasset" 217
"../../../CarGame/Content/Test/Glock_Shooting_Anim.uasset" 218
"../../../CarGame/Content/Test/Guns/Glock/IdleGlock.uasset" 219
"../../../CarGame/Content/Test/Guns/Glock/Reload_Anim_Armature_ArmatureAction.uasset" 220
"../../../CarGame/Content/Test/Guns/Glock/GlockAnimBP.uasset" 221
"../../../CarGame/Content/Test/Guns/Revolver/Revolver_Skeleton.uasset" 222
"../../../CarGame/Content/Test/Guns/Revolver/Revolver_Idle.uasset" 223
"../../../CarGame/Content/Test/Guns/Revolver/Revolver_Shooting.uasset" 224
"../../../CarGame/Content/Test/Guns/Revolver/Revolver_Shooting_Out_Of_Ammo.uasset" 225
"../../../CarGame/Content/Test/Guns/Revolver/RevolverAnimBP.uasset" 226
"../../../CarGame/Content/Test/Guns/Shotgun/LowPoly_SnubnoseShotty_Skeleton.uasset" 227
"../../../CarGame/Content/Test/Guns/Shotgun/LowPoly_SnubnoseShotty_Firing.uasset" 228
"../../../CarGame/Content/Test/Guns/Shotgun/LowPoly_SnubnoseShotty_Pump.uasset" 229
"../../../CarGame/Content/Test/Guns/Shotgun/ShotgunAnimBP.uasset" 230
"../../../CarGame/Content/Vehicle/Sedan/Sedan_Skeleton.uasset" 231
"../../../CarGame/Content/Vehicle/Sedan/Sedan_AnimBP.uasset" 232
"../../../CarGame/Content/AimTest/BasicArms/Reload_Anim.uasset" 233
"../../../CarGame/Content/AimTest/BasicArms/ReloadAnimMontage.uasset" 234
"../../../CarGame/Content/Test/Character/LeftHand/Arms_Rig_Turn_Left_Skeleton.uasset" 235
"../../../CarGame/Content/Test/Character/LeftHand/Arms_Rig_Turn_Left_Anim.uasset" 236
"../../../CarGame/Content/Test/Character/LeftHand/Arms_Rig_Turn_Right_Anim.uasset" 237
"../../../CarGame/Content/Test/Character/RightHand/RightArm_Skeleton.uasset" 238
"../../../CarGame/Content/Test/Character/RightHand/RightArm_Idle_Anim.uasset" 239
"../../../CarGame/Content/Test/Guns/Mac-10/Mac-10_Untextured_Skeleton.uasset" 240
"../../../CarGame/Content/Test/Guns/Mac-10/Mac-10_Untextured_Shooting_Anim.uasset" 241
"../../../Engine/Content/EditorBlueprintResources/StandardMacros.uasset" 242
"../../../CarGame/Content/Multiplayer/UI/All-Levels/LoadingScreen.uasset" 243
"../../../CarGame/Content/Multiplayer/UI/Main-Menu/ErrorDialog.uasset" 244
"../../../CarGame/Content/Multiplayer/UI/Main-Menu/ServerMenu.uasset" 245
"../../../CarGame/Content/Multiplayer/UI/Main-Menu/ServerBrowser.uasset" 246
"../../../CarGame/Content/MultiplayerStuff/MultiplayerMainMenu.uasset" 247
"../../../CarGame/Content/Multiplayer/UI/Main-Menu/HostMenu.uasset" 248
"../../../CarGame/Content/MultiplayerStuff/NewGameInstance.uasset" 249
"../../../Engine/Content/Functions/Engine_MaterialFunctions02/Fresnel_Function.uasset" 250
"../../../Engine/Content/EditorMaterials/Cascade/CASC_Cross.uasset" 251
"../../../Engine/Content/EditorMaterials/Cascade/CASC_None.uasset" 252
"../../../Engine/Content/Functions/Engine_MaterialFunctions03/Blends/Blend_Overlay.uasset" 253
"../../../Engine/Content/MapTemplates/TilingNoise05.uasset" 254
"../../../CarGame/Content/Test/Character/Shield/13668316-Seamless-White-Hexagon-Pattern-Stock-Photo.uasset" 255
"../../../CarGame/Content/Test/Character/Shield/Scanlines_T.uasset" 256
"../../../CarGame/Content/Test/Character/Shield/HologramM.uasset" 257
"../../../CarGame/Content/Test/Character/Shield/Shield_Test.uasset" 258
"../../../CarGame/Content/Test/Character/Shield/ShieldBP.uasset" 259
"../../../CarGame/Content/Test/FlipTest/Floor.uasset" 260
"../../../CarGame/Content/Test/Guns/Mac-10/Mac-10_Clip.uasset" 261
"../../../CarGame/Content/Test/Guns/Mac-10/Mac-10_ClipBp.uasset" 262
"../../../CarGame/Content/Test/MuzzleFlashes/MuzzleFlashBright.uasset" 263
"../../../CarGame/Content/Test/MuzzleFlashes/MuzzleFlashRed.uasset" 264
"../../../CarGame/Content/Test/MuzzleFlashes/MuzzleFlashMac10.uasset" 265
"../../../CarGame/Content/Test/MuzzleFlashes/MuzzleFlash.uasset" 266
"../../../CarGame/Content/Test/Guns/DesertEagle/Shell/Bullet.uasset" 267
"../../../CarGame/Content/Test/Guns/DesertEagle/Shell/Primer.uasset" 268
"../../../CarGame/Content/Test/Guns/DesertEagle/Shell/MagnumRound.uasset" 269
"../../../CarGame/Content/Test/Shells/45acp/Bullet.uasset" 270
"../../../CarGame/Content/Test/Shells/45acp/Primer.uasset" 271
"../../../CarGame/Content/Test/Shells/45acp/45_acp.uasset" 272
"../../../CarGame/Content/Test/Shells/45acp/Shell.uasset" 273
"../../../CarGame/Content/Test/Guns/Shotgun/Primer.uasset" 274
"../../../CarGame/Content/Test/Guns/Shotgun/Rim.uasset" 275
"../../../CarGame/Content/Test/Guns/Shotgun/Shell.uasset" 276
"../../../CarGame/Content/Test/Guns/Shotgun/Shotgun_Shell.uasset" 277
"../../../CarGame/Content/Test/Shells/45acp/ShotgunShell.uasset" 278
"../../../CarGame/Content/VehicleBP/Blueprints/VehicleHUD.uasset" 279
"../../../CarGame/Content/VehicleBP/TracerMaterial.uasset" 280
"../../../CarGame/Content/VehicleBP/Material.uasset" 281
"../../../CarGame/Content/VehicleBP/Tracer.uasset" 282
"../../../CarGame/Content/VehicleBP/Bullet.uasset" 283
"../../../CarGame/Content/VehicleBP/Sedan/HudStates.uasset" 284
"../../../CarGame/Content/VehicleBP/Sedan/Sedan_BackWheel.uasset" 285
"../../../CarGame/Content/VehicleBP/Sedan/Sedan_FrontWheel.uasset" 286
"../../../Engine/Content/Functions/Engine_MaterialFunctions03/Procedurals/ComputeFilterWidth.uasset" 287
"../../../Engine/Content/EngineMaterials/AntiAliasedTextMaterialTranslucent.uasset" 288
"../../../CarGame/Content/Map/Guns/Glock/Lower.uasset" 289
"../../../CarGame/Content/Map/Guns/Glock/Lower_Mat.uasset" 290
"../../../CarGame/Content/Map/Guns/Glock/Slide.uasset" 291
"../../../CarGame/Content/Map/Guns/Glock/Slide_Mat.uasset" 292
"../../../CarGame/Content/Test/Character/Shirt.uasset" 293
"../../../CarGame/Content/Test/Character/Skin.uasset" 294
"../../../CarGame/Content/MultiplayerStuff/SittingCharacter/Shirt.uasset" 295
"../../../CarGame/Content/MultiplayerStuff/SittingCharacter/Skin.uasset" 296
"../../../CarGame/Content/AimTest/BasicArms/AimCenter_PhysicsAsset.uasset" 297
"../../../CarGame/Content/AimTest/BasicArms/AimCenter.uasset" 298
"../../../CarGame/Content/Car.uasset" 299
"../../../CarGame/Content/Car/CarRigDone/Black.uasset" 300
"../../../CarGame/Content/Car/CarRigDone/Car.uasset" 301
"../../../CarGame/Content/Car/CarRigDone/DropTop.uasset" 302
"../../../CarGame/Content/Car/CarRigDone/Glass.uasset" 303
"../../../CarGame/Content/Car/CarRigDone/HeadLights.uasset" 304
"../../../CarGame/Content/Car/CarRigDone/Leather.uasset" 305
"../../../CarGame/Content/Car/CarRigDone/Material.uasset" 306
"../../../CarGame/Content/Car/CarRigDone/Material_001.uasset" 307
"../../../CarGame/Content/Car/CarRigDone/Material_002.uasset" 308
"../../../CarGame/Content/Car/CarRigDone/Material_003.uasset" 309
"../../../CarGame/Content/Car/CarRigDone/Mirrors.uasset" 310
"../../../CarGame/Content/Car/CarRigDone/Off_Leather.uasset" 311
"../../../CarGame/Content/Car/CarRigDone/Rims.uasset" 312
"../../../CarGame/Content/Car/CarRigDone/Rubber.uasset" 313
"../../../CarGame/Content/Car/CarRigDone/TailLights.uasset" 314
"../../../CarGame/Content/Car/CarRigDone/CarTexturedRigged_PhysicsAsset.uasset" 315
"../../../CarGame/Content/Car/CarRigDone/CarTexturedRigged.uasset" 316
"../../../CarGame/Content/Geometry/Meshes/CubeMaterial.uasset" 317
"../../../CarGame/Content/Geometry/Meshes/1M_Cube.uasset" 318
"../../../CarGame/Content/Gun-audio/Mac-10.uasset" 319
"../../../CarGame/Content/Gun-audio/shotgun.uasset" 320
"../../../CarGame/Content/Map/Guns/Glock/Material.uasset" 321
"../../../CarGame/Content/Map/Guns/Glock/Material_001.uasset" 322
"../../../CarGame/Content/Map/Guns/Glock/Material_003.uasset" 323
"../../../CarGame/Content/Map/Guns/Glock/Glock.uasset" 324
"../../../CarGame/Content/Map/Levels/Level-Instance-Vegas.uasset" 325
"../../../CarGame/Content/Map/Levels/LevelDatabaseActorCanyon.uasset" 326
"../../../CarGame/Content/Map/Levels/LevelInstanceColorado.uasset" 327
"../../../CarGame/Content/Map/Levels/LevelInstanceTrain.uasset" 328
"../../../CarGame/Content/Menus/Options2.uasset" 329
"../../../CarGame/Content/Menus/In-Game-Menu.uasset" 330
"../../../CarGame/Content/MultiplayerStuff/MPArmsAimOffset.uasset" 331
"../../../CarGame/Content/MultiplayerStuff/MPArmsAnimBP.uasset" 332
"../../../CarGame/Content/MultiplayerStuff/SittingCharacter/SittingCharacter_Skeleton.uasset" 333
"../../../CarGame/Content/MultiplayerStuff/SittingCharacter/SittingCharacterAnim.uasset" 334
"../../../Engine/Content/EditorBlueprintResources/ActorMacros.uasset" 335
"../../../CarGame/Content/Explosion/BrightExplosionMat.uasset" 336
"../../../CarGame/Content/Explosion/ExplosionMat.uasset" 337
"../../../CarGame/Content/Explosion/light2ExplosionMat.uasset" 338
"../../../CarGame/Content/Explosion/LightExplosionMat.uasset" 339
"../../../CarGame/Content/Explosion/Explosion.uasset" 340
"../../../CarGame/Content/Explosion/LowPolyExplosion.uasset" 341
"../../../CarGame/Content/Explosion.uasset" 342
"../../../CarGame/Content/Map/Crosshair.uasset" 343
"../../../CarGame/Content/Map/Hud.uasset" 344
"../../../CarGame/Content/KillFeedPlayers.uasset" 345
"../../../CarGame/Content/KillFeed.uasset" 346
"../../../CarGame/Content/Multiplayer/UI/Lobby/PlayerName.uasset" 347
"../../../CarGame/Content/Multiplayer/UI/Lobby/WaitingRoom.uasset" 348
"../../../CarGame/Content/MultiplayerStuff/MultiplayerGameModes/FFAPlayerState.uasset" 349
"../../../CarGame/Content/PlayerScore.uasset" 350
"../../../CarGame/Content/Scoreboard-D.uasset" 351
"../../../CarGame/Content/StarterContent/Audio/Explosion01.uasset" 352
"../../../CarGame/Content/Winner.uasset" 353
"../../../CarGame/Content/MultiplayerStuff/MultiplayerGameModes/FFAPlayerController.uasset" 354
"../../../CarGame/Content/MultiplayerStuff/MultiplayerGameModes/FFA.uasset" 355
"../../../CarGame/Content/MultiplayerStuff/MultiplayerRemakes/MultiplayerShotgunBullet.uasset" 356
"../../../CarGame/Content/StarterContent/Audio/Explosion02.uasset" 357
"../../../CarGame/Content/StarterContent/Textures/T_Burst_M.uasset" 358
"../../../CarGame/Content/StarterContent/Particles/Materials/M_Burst.uasset" 359
"../../../CarGame/Content/StarterContent/Textures/T_Explosion_SubUV.uasset" 360
"../../../CarGame/Content/StarterContent/Particles/Materials/M_explosion_subUV.uasset" 361
"../../../CarGame/Content/StarterContent/Particles/Materials/m_flare_01.uasset" 362
"../../../CarGame/Content/StarterContent/Particles/Materials/M_radial_ramp.uasset" 363
"../../../CarGame/Content/StarterContent/Textures/T_Smoke_SubUV.uasset" 364
"../../../CarGame/Content/StarterContent/Textures/T_Smoke_Tiled_D.uasset" 365
"../../../CarGame/Content/StarterContent/Particles/Materials/M_smoke_subUV.uasset" 366
"../../../CarGame/Content/StarterContent/Particles/P_Explosion.uasset" 367
"../../../CarGame/Content/MultiplayerStuff/WeaponPickups/GrenadeLauncher/GrenadeLaunched.uasset" 368
"../../../CarGame/Content/StarterContent/Materials/M_Basic_Wall.uasset" 369
"../../../CarGame/Content/StarterContent/Shapes/Shape_Sphere.uasset" 370
"../../../CarGame/Content/MultiplayerStuff/WeaponPickups/BallBounce/FirstPersonBP/Blueprints/FirstPersonProjectile.uasset" 371
"../../../CarGame/Content/StarterContent/Shapes/Shape_Cylinder.uasset" 372
"../../../CarGame/Content/MultiplayerStuff/WeaponPickups/MultiplayerBallBounceGunBP.uasset" 373
"../../../CarGame/Content/MultiplayerStuff/MultiplayerRemakes/MultiplayerMuzzleFlash.uasset" 374
"../../../CarGame/Content/MultiplayerStuff/MultiplayerRemakes/MultiplayerShellBP.uasset" 375
"../../../CarGame/Content/Gun-audio/Mac10-Sound.uasset" 376
"../../../CarGame/Content/Test/Guns/DesertEagle/Black.uasset" 377
"../../../CarGame/Content/Test/Guns/DesertEagle/Black_001.uasset" 378
"../../../CarGame/Content/Test/Guns/DesertEagle/Material.uasset" 379
"../../../CarGame/Content/Test/Guns/DesertEagle/Reflective.uasset" 380
"../../../CarGame/Content/Test/Guns/DesertEagle/Desert_Eagle_PhysicsAsset.uasset" 381
"../../../CarGame/Content/Test/Guns/DesertEagle/Desert_Eagle.uasset" 382
"../../../CarGame/Content/MultiplayerStuff/WeaponPickups/MultiplayerDeagleBP.uasset" 383
"../../../CarGame/Content/Test/Glock_PhysicsAsset.uasset" 384
"../../../CarGame/Content/Test/Glock.uasset" 385
"../../../CarGame/Content/MultiplayerStuff/WeaponPickups/MultiplayerGlockBP.uasset" 386
"../../../CarGame/Content/Test/Guns/Mac-10/Mac-10_Untextured_PhysicsAsset.uasset" 387
"../../../CarGame/Content/Test/Guns/Mac-10/Mac-10_Untextured.uasset" 388
"../../../CarGame/Content/MultiplayerStuff/WeaponPickups/MultiplayerMac10BP.uasset" 389
"../../../CarGame/Content/Test/Guns/Revolver/Material.uasset" 390
"../../../CarGame/Content/Test/Guns/Revolver/Metal.uasset" 391
"../../../CarGame/Content/Test/Guns/Revolver/Revolver_PhysicsAsset.uasset" 392
"../../../CarGame/Content/Test/Guns/Revolver/Revolver.uasset" 393
"../../../CarGame/Content/MultiplayerStuff/WeaponPickups/MultiplayerRevolverBP.uasset" 394
"../../../CarGame/Content/Test/Guns/Shotgun/Material_004.uasset" 395
"../../../CarGame/Content/Test/Guns/Shotgun/Material_001.uasset" 396
"../../../CarGame/Content/Test/Guns/Shotgun/Material_002.uasset" 397
"../../../CarGame/Content/Test/Guns/Shotgun/Material_003.uasset" 398
"../../../CarGame/Content/Test/Guns/Shotgun/LowPoly_SnubnoseShotty.uasset" 399
"../../../CarGame/Content/MultiplayerStuff/WeaponPickups/MultiplayerShotgunBP.uasset" 400
"../../../CarGame/Content/MultiplayerStuff/WeaponPickups/GrenadeLauncher/DrawingType.uasset" 401
"../../../CarGame/Content/MultiplayerStuff/WeaponPickups/GrenadeLauncher/FirstPersonBP/PS_Beam.uasset" 402
"../../../CarGame/Content/Test/Guns/RocketLauncher/RocketLauncherColor.uasset" 403
"../../../CarGame/Content/Test/Guns/RocketLauncher/Trigger.uasset" 404
"../../../CarGame/Content/Test/Guns/RocketLauncher/TriggerRed.uasset" 405
"../../../CarGame/Content/Test/Guns/RocketLauncher/RocketLauncher.uasset" 406
"../../../CarGame/Content/MultiplayerStuff/WeaponPickups/MultiplayerStickyBombLauncherBP.uasset" 407
"../../../CarGame/Content/Car/CarRigDone/MultiplayerCar.uasset" 408
"../../../CarGame/Content/MultiplayerStuff/ColorWheel/ColorWheel.uasset" 409
"../../../CarGame/Content/MultiplayerStuff/ColorWheel/ColorPickerUMG2.uasset" 410
"../../../CarGame/Content/ESounds/Wav/Bullet_on_Metal_01.uasset" 411
"../../../CarGame/Content/ESounds/Wav/Bullet_on_Metal_02.uasset" 412
"../../../CarGame/Content/ESounds/Wav/Bullet_on_Metal_03.uasset" 413
"../../../CarGame/Content/ESounds/Wav/Bullet_on_Metal_04.uasset" 414
"../../../CarGame/Content/ESounds/Wav/Bullet_on_Metal_05.uasset" 415
"../../../CarGame/Content/ESounds/Wav/Bullet_on_soft_04.uasset" 416
"../../../CarGame/Content/MultiplayerStuff/MultiplayerWidgets/BoostWidget.uasset" 417
"../../../CarGame/Content/MultiplayerStuff/SittingCharacter/Pants.uasset" 418
"../../../CarGame/Content/MultiplayerStuff/SittingCharacter/Shoes.uasset" 419
"../../../CarGame/Content/MultiplayerStuff/SittingCharacter/SittingCharacter_PhysicsAsset.uasset" 420
"../../../CarGame/Content/MultiplayerStuff/SittingCharacter/SittingCharacter.uasset" 421
"../../../CarGame/Content/Vehicle/Sedan/Sedan_PhysMat.uasset" 422
"../../../CarGame/Content/Vehicle/Sedan/Materials/M_Vehicle_Sedan.uasset" 423
"../../../CarGame/Content/Vehicle/Sedan/Materials/M_Vehicle_Sedan_Inst_Glass.uasset" 424
"../../../CarGame/Content/Vehicle/Sedan/Materials/M_Vehicle_Sedan_Inst_Headlights.uasset" 425
"../../../CarGame/Content/Vehicle/Sedan/Materials/M_Vehicle_Sedan_Inst_Plastic.uasset" 426
"../../../CarGame/Content/Vehicle/Sedan/Materials/M_Vehicle_Sedan_Inst_TailLights.uasset" 427
"../../../CarGame/Content/Vehicle/Sedan/Materials/M_Vehicle_Sedan_Inst_Tires.uasset" 428
"../../../CarGame/Content/Vehicle/Sedan/Materials/M_Vehicle_Sedan_Inst_Wheels.uasset" 429
"../../../CarGame/Content/Vehicle/Sedan/Sedan_PhysicsAsset.uasset" 430
"../../../CarGame/Content/Vehicle/Sedan/Sedan_SkelMesh.uasset" 431
"../../../CarGame/Content/VehicleBP/Sedan/Volume.uasset" 432
"../../../CarGame/Content/VehicleBP/Sedan/Volume_Backround.uasset" 433
"../../../CarGame/Content/VehicleBP/Sedan/VolumeHealth.uasset" 434
"../../../CarGame/Content/MultiplayerStuff/MultiplayerCharacter.uasset" 435
"../../../CarGame/Content/Menus/Mac10-Ammo.uasset" 436
"../../../CarGame/Content/Test/Character/LeftHand/Left_Arm_PhysicsAsset.uasset" 437
"../../../CarGame/Content/Test/Character/LeftHand/Left_Arm.uasset" 438
"../../../CarGame/Content/Test/Character/RightHand/RightArm_PhysicsAsset.uasset" 439
"../../../CarGame/Content/Test/Character/RightHand/RightArm.uasset" 440
"../../../CarGame/Content/Test/Guns/Glock/GlockNoMag_PhysicsAsset.uasset" 441
"../../../CarGame/Content/Test/Guns/Glock/GlockNoMag.uasset" 442
"../../../CarGame/Content/VehicleBP/Sedan/SizeTest_PhysicsAsset.uasset" 443
"../../../CarGame/Content/VehicleBP/Sedan/SizeTest_Skeleton.uasset" 444
"../../../CarGame/Content/VehicleBP/Sedan/SizeTest.uasset" 445
"../../../CarGame/Content/VehicleBP/Sedan/Sedan.uasset" 446
"../../../CarGame/Content/AimTest/BasicArms/ArmAnimBP.uasset" 447
"../../../CarGame/Content/Test/Guns/Mac-10/Dropping.uasset" 448
"../../../CarGame/Content/Car/CarBoneTest/SedanModified/SedanCopt.uasset" 449
"../../../CarGame/Content/Car/CarBoneTest/SedanModified/SedanCopy.uasset" 450
"../../../CarGame/Content/VehicleBP/Sedan/Sedan_BackWheel_2.uasset" 451
"../../../CarGame/Content/VehicleBP/Sedan/Sedan_FrontWheel_2.uasset" 452
"../../../CarGame/Content/Car/CarRigDone/CarTextured.uasset" 453
"../../../CarGame/Content/Car/CarRigDone/round2/CarTexturedRigged_PhysicsAssetRound2.uasset" 454
"../../../CarGame/Content/Car/CarRigDone/round2/CarTexturedRigged_SkeletonRound2.uasset" 455
"../../../CarGame/Content/Car/CarRigDone/Round3/CarTexturedRiggedConnected_Skeleton.uasset" 456
"../../../CarGame/Content/Car/CarRigDone/Round3/CarConnectedAnimBP.uasset" 457
"../../../CarGame/Content/Car/CarRigDone/Round3/Black.uasset" 458
"../../../CarGame/Content/Car/CarRigDone/Round3/Car.uasset" 459
"../../../CarGame/Content/Car/CarRigDone/Round3/DropTop.uasset" 460
"../../../CarGame/Content/Car/CarRigDone/Round3/Glass.uasset" 461
"../../../CarGame/Content/Car/CarRigDone/Round3/HeadLights.uasset" 462
"../../../CarGame/Content/Car/CarRigDone/Round3/Leather.uasset" 463
"../../../CarGame/Content/Car/CarRigDone/Round3/Material.uasset" 464
"../../../CarGame/Content/Car/CarRigDone/Round3/Material_001.uasset" 465
"../../../CarGame/Content/Car/CarRigDone/Round3/Material_002.uasset" 466
"../../../CarGame/Content/Car/CarRigDone/Round3/Material_003.uasset" 467
"../../../CarGame/Content/Car/CarRigDone/Round3/Mirrors.uasset" 468
"../../../CarGame/Content/Car/CarRigDone/Round3/Off_Leather.uasset" 469
"../../../CarGame/Content/Car/CarRigDone/Round3/Rims.uasset" 470
"../../../CarGame/Content/Car/CarRigDone/Round3/Rubber.uasset" 471
"../../../CarGame/Content/Car/CarRigDone/Round3/TailLights.uasset" 472
"../../../CarGame/Content/Car/CarRigDone/Round3/CarTexturedRiggedConnected_PhysicsAsset.uasset" 473
"../../../CarGame/Content/Car/CarRigDone/Round3/CarTexturedRiggedConnected.uasset" 474
"../../../CarGame/Content/Car/CarRigDone/Round3/ConnectedCarBp.uasset" 475
"../../../CarGame/Content/Car/CarTest/Car_Just_For_Fun_PhysicsAsset.uasset" 476
"../../../CarGame/Content/DontTouchThisFolder/Material.uasset" 477
"../../../CarGame/Content/DontTouchThisFolder/Car_Cube.uasset" 478
"../../../CarGame/Content/DontTouchThisFolder/Car_Cube_001.uasset" 479
"../../../CarGame/Content/DontTouchThisFolder/Car_Cube_002.uasset" 480
"../../../CarGame/Content/DontTouchThisFolder/Car_Cube_003.uasset" 481
"../../../CarGame/Content/DontTouchThisFolder/Car_Cube_004.uasset" 482
"../../../CarGame/Content/DontTouchThisFolder/Car_Cube_005.uasset" 483
"../../../CarGame/Content/DontTouchThisFolder/Car_Cube_006.uasset" 484
"../../../CarGame/Content/DontTouchThisFolder/Car_Cube_007.uasset" 485
"../../../CarGame/Content/DontTouchThisFolder/Car_Cube_008.uasset" 486
"../../../CarGame/Content/DontTouchThisFolder/Car_Cube_009.uasset" 487
"../../../CarGame/Content/DontTouchThisFolder/Car_Cube_010.uasset" 488
"../../../CarGame/Content/DontTouchThisFolder/Car_Cube_011.uasset" 489
"../../../CarGame/Content/DontTouchThisFolder/Car_Cube_012.uasset" 490
"../../../CarGame/Content/DontTouchThisFolder/Car_Cube_013.uasset" 491
"../../../CarGame/Content/DontTouchThisFolder/Car_Cylinder.uasset" 492
"../../../CarGame/Content/DontTouchThisFolder/Car_Cylinder_001.uasset" 493
"../../../CarGame/Content/DontTouchThisFolder/Car_Cylinder_002.uasset" 494
"../../../CarGame/Content/DontTouchThisFolder/Car_Torus.uasset" 495
"../../../CarGame/Content/DontTouchThisFolder/Car.uasset" 496
"../../../CarGame/Content/DontTouchThisFolder/CarBoneTest/CarRiggedScaled_Skeleton.uasset" 497
"../../../CarGame/Content/DontTouchThisFolder/CarBoneTest/CarRiggedScale.uasset" 498
"../../../CarGame/Content/DontTouchThisFolder/CarBoneTest/CarRiggedScaled_PhysicsAsset.uasset" 499
"../../../CarGame/Content/DontTouchThisFolder/CarBoneTest/CarRiggedScaled.uasset" 500
"../../../CarGame/Content/DontTouchThisFolder/CarBoneTest/CarScaledAndRigged.uasset" 501
"../../../CarGame/Content/ESounds/Cue/SFX_Bullet_Impact_Concrete.uasset" 502
"../../../CarGame/Content/ESounds/Cue/SFX_Bullet_Impact_Electric_Devices.uasset" 503
"../../../CarGame/Content/ESounds/Cue/SFX_Bullet_Impact_Glass_Big.uasset" 504
"../../../CarGame/Content/ESounds/Cue/SFX_Bullet_Impact_Glass_bulletproof.uasset" 505
"../../../CarGame/Content/ESounds/Cue/SFX_Bullet_Impact_Glass_Medium.uasset" 506
"../../../CarGame/Content/ESounds/Cue/SFX_Bullet_Impact_Glass_Pottery.uasset" 507
"../../../CarGame/Content/ESounds/Cue/SFX_Bullet_Impact_Glass_Small.uasset" 508
"../../../CarGame/Content/ESounds/Cue/SFX_Bullet_Impact_Glass_Windshield.uasset" 509
"../../../CarGame/Content/ESounds/Cue/SFX_Bullet_Impact_Ground.uasset" 510
"../../../CarGame/Content/ESounds/Cue/SFX_Bullet_Impact_MetalSolid.uasset" 511
"../../../CarGame/Content/ESounds/Cue/SFX_Bullet_Impact_PlasticRubber.uasset" 512
"../../../CarGame/Content/ESounds/Cue/SFX_Bullet_Impact_Rock.uasset" 513
"../../../CarGame/Content/ESounds/Cue/SFX_Bullet_Impact_Sand.uasset" 514
"../../../CarGame/Content/ESounds/Cue/SFX_Bullet_Impact_Sandbag.uasset" 515
"../../../CarGame/Content/ESounds/Cue/SFX_Bullet_Impact_Sheetrock.uasset" 516
"../../../CarGame/Content/ESounds/Cue/SFX_Bullet_Impact_Snow.uasset" 517
"../../../CarGame/Content/ESounds/Cue/SFX_Bullet_Impact_Soft_Materials.uasset" 518
"../../../CarGame/Content/ESounds/Cue/SFX_Bullet_Impact_Tinplate.uasset" 519
"../../../CarGame/Content/ESounds/Cue/SFX_Bullet_Impact_Water.uasset" 520
"../../../CarGame/Content/ESounds/Cue/SFX_Bullet_Impact_Wood.uasset" 521
"../../../CarGame/Content/ESounds/Wav/Bullet_on_glass_big_01.uasset" 522
"../../../CarGame/Content/ESounds/Wav/Bullet_on_glass_big_02.uasset" 523
"../../../CarGame/Content/ESounds/Wav/Bullet_on_glass_big_03.uasset" 524
"../../../CarGame/Content/ESounds/Wav/Bullet_on_glass_big_04.uasset" 525
"../../../CarGame/Content/ESounds/Wav/Bullet_on_glass_bulletproof_01.uasset" 526
"../../../CarGame/Content/ESounds/Wav/Bullet_on_glass_bulletproof_02.uasset" 527
"../../../CarGame/Content/ESounds/Wav/Bullet_on_glass_bulletproof_03.uasset" 528
"../../../CarGame/Content/ESounds/Wav/Bullet_on_glass_bulletproof_04.uasset" 529
"../../../CarGame/Content/ESounds/Wav/Bullet_on_glass_mediuml_03.uasset" 530
"../../../CarGame/Content/ESounds/Wav/Bullet_on_glass_medium_01.uasset" 531
"../../../CarGame/Content/ESounds/Wav/Bullet_on_glass_medium_02.uasset" 532
"../../../CarGame/Content/ESounds/Wav/Bullet_on_glass_medium_04.uasset" 533
"../../../CarGame/Content/ESounds/Wav/Bullet_on_glass_small_01.uasset" 534
"../../../CarGame/Content/ESounds/Wav/Bullet_on_glass_small_02.uasset" 535
"../../../CarGame/Content/ESounds/Wav/Bullet_on_glass_small_03.uasset" 536
"../../../CarGame/Content/ESounds/Wav/Bullet_on_glass_small_04.uasset" 537
"../../../CarGame/Content/ESounds/Wav/Bullet_on_PlasticRubber_01.uasset" 538
"../../../CarGame/Content/ESounds/Wav/Bullet_on_PlasticRubber_02.uasset" 539
"../../../CarGame/Content/ESounds/Wav/Bullet_on_PlasticRubber_03.uasset" 540
"../../../CarGame/Content/ESounds/Wav/Bullet_on_PlasticRubber_04.uasset" 541
"../../../CarGame/Content/ESounds/Wav/Bullet_on_Pottery_01.uasset" 542
"../../../CarGame/Content/ESounds/Wav/Bullet_on_Pottery_02.uasset" 543
"../../../CarGame/Content/ESounds/Wav/Bullet_on_Pottery_03.uasset" 544
"../../../CarGame/Content/ESounds/Wav/Bullet_on_Pottery_04.uasset" 545
"../../../CarGame/Content/ESounds/Wav/Bullet_on_soft_01.uasset" 546
"../../../CarGame/Content/ESounds/Wav/Bullet_on_soft_02.uasset" 547
"../../../CarGame/Content/ESounds/Wav/Bullet_on_soft_03.uasset" 548
"../../../CarGame/Content/ESounds/Wav/Bullet_on_Tinplate_01.uasset" 549
"../../../CarGame/Content/ESounds/Wav/Bullet_on_Tinplate_02.uasset" 550
"../../../CarGame/Content/ESounds/Wav/Bullet_on_Tinplate_03.uasset" 551
"../../../CarGame/Content/ESounds/Wav/Bullet_on_Tinplate_04.uasset" 552
"../../../CarGame/Content/ESounds/Wav/Bullet_on_Tinplate_05.uasset" 553
"../../../CarGame/Content/ESounds/Wav/Bullet_on_windshield_01.uasset" 554
"../../../CarGame/Content/ESounds/Wav/Bullet_on_windshield_02.uasset" 555
"../../../CarGame/Content/ESounds/Wav/Bullet_on_windshield_03.uasset" 556
"../../../CarGame/Content/ESounds/Wav/Bullet_on_windshield_04.uasset" 557
"../../../CarGame/Content/ESounds/Wav/Bullet_on_wood_01.uasset" 558
"../../../CarGame/Content/ESounds/Wav/Bullet_on_wood_02.uasset" 559
"../../../CarGame/Content/ESounds/Wav/Bullet_on_wood_03.uasset" 560
"../../../CarGame/Content/ESounds/Wav/Bullet_on_wood_04.uasset" 561
"../../../CarGame/Content/ESounds/Wav/ElectricZap_00.uasset" 562
"../../../CarGame/Content/ESounds/Wav/ElectricZap_01.uasset" 563
"../../../CarGame/Content/ESounds/Wav/ElectricZap_02.uasset" 564
"../../../CarGame/Content/ESounds/Wav/ElectricZap_03.uasset" 565
"../../../CarGame/Content/ESounds/Wav/ElectricZap_04.uasset" 566
"../../../CarGame/Content/ESounds/Wav/ElectricZap_05.uasset" 567
"../../../CarGame/Content/ESounds/Wav/ElectricZap_06.uasset" 568
"../../../CarGame/Content/ESounds/Wav/Hit_01.uasset" 569
"../../../CarGame/Content/ESounds/Wav/Hit_02.uasset" 570
"../../../CarGame/Content/ESounds/Wav/Hit_03.uasset" 571
"../../../CarGame/Content/ESounds/Wav/Hit_04.uasset" 572
"../../../CarGame/Content/ESounds/Wav/Hit_05.uasset" 573
"../../../CarGame/Content/ESounds/Wav/SFX_Bullet_On_Concrete_01.uasset" 574
"../../../CarGame/Content/ESounds/Wav/SFX_Bullet_On_Concrete_02.uasset" 575
"../../../CarGame/Content/ESounds/Wav/SFX_Bullet_On_Concrete_03.uasset" 576
"../../../CarGame/Content/ESounds/Wav/SFX_Bullet_On_Concrete_04.uasset" 577
"../../../CarGame/Content/ESounds/Wav/SFX_Bullet_On_Concrete_05.uasset" 578
"../../../CarGame/Content/ESounds/Wav/SFX_Bullet_On_Ground_01.uasset" 579
"../../../CarGame/Content/ESounds/Wav/SFX_Bullet_On_Ground_02.uasset" 580
"../../../CarGame/Content/ESounds/Wav/SFX_Bullet_On_Ground_03.uasset" 581
"../../../CarGame/Content/ESounds/Wav/SFX_Bullet_On_Ground_04.uasset" 582
"../../../CarGame/Content/ESounds/Wav/SFX_Bullet_On_Ground_05.uasset" 583
"../../../CarGame/Content/ESounds/Wav/SFX_Bullet_On_Snow_01.uasset" 584
"../../../CarGame/Content/ESounds/Wav/SFX_Bullet_On_Snow_02.uasset" 585
"../../../CarGame/Content/ESounds/Wav/SFX_Bullet_On_Snow_03.uasset" 586
"../../../CarGame/Content/ESounds/Wav/SFX_Bullet_On_Snow_04.uasset" 587
"../../../CarGame/Content/ESounds/Wav/SFX_Bullet_On_Snow_05.uasset" 588
"../../../CarGame/Content/ESounds/Wav/SFX_Bullet_On_Water_01.uasset" 589
"../../../CarGame/Content/ESounds/Wav/SFX_Bullet_On_Water_02.uasset" 590
"../../../CarGame/Content/ESounds/Wav/SFX_Bullet_On_Water_03.uasset" 591
"../../../CarGame/Content/ESounds/Wav/SFX_Bullet_On_Water_04.uasset" 592
"../../../CarGame/Content/ESounds/Wav/SFX_Bullet_On_Water_05.uasset" 593
"../../../CarGame/Content/ESounds/Wav/SFX_Concrete_Debris_01.uasset" 594
"../../../CarGame/Content/ESounds/Wav/SFX_Concrete_Debris_02.uasset" 595
"../../../CarGame/Content/ESounds/Wav/SFX_Concrete_Debris_03.uasset" 596
"../../../CarGame/Content/ESounds/Wav/SFX_Concrete_Debris_04.uasset" 597
"../../../CarGame/Content/ESounds/Wav/SFX_Concrete_Debris_05.uasset" 598
"../../../CarGame/Content/ESounds/Wav/SFX_Concrete_Whiz_01.uasset" 599
"../../../CarGame/Content/ESounds/Wav/SFX_Concrete_Whiz_02.uasset" 600
"../../../CarGame/Content/ESounds/Wav/SFX_Concrete_Whiz_03.uasset" 601
"../../../CarGame/Content/ESounds/Wav/SFX_Concrete_Whiz_04.uasset" 602
"../../../CarGame/Content/ESounds/Wav/SFX_Rock_Debris_01.uasset" 603
"../../../CarGame/Content/ESounds/Wav/SFX_Rock_Debris_02.uasset" 604
"../../../CarGame/Content/ESounds/Wav/SFX_Rock_Debris_03.uasset" 605
"../../../CarGame/Content/ESounds/Wav/SFX_Zero.uasset" 606
"../../../CarGame/Content/ESounds/Wav/Whiz_01.uasset" 607
"../../../CarGame/Content/ESounds/Wav/Whiz_02.uasset" 608
"../../../CarGame/Content/ESounds/Wav/Whiz_03.uasset" 609
"../../../CarGame/Content/ESounds/Wav/Whiz_04.uasset" 610
"../../../CarGame/Content/ESounds/Wav/Whiz_05.uasset" 611
"../../../CarGame/Content/ESounds/Wav/Whiz_06.uasset" 612
"../../../CarGame/Content/ESounds/Wav/Whiz_Short_01.uasset" 613
"../../../CarGame/Content/ESounds/Wav/Whiz_Short_02.uasset" 614
"../../../CarGame/Content/ESounds/Wav/Whiz_Short_03.uasset" 615
"../../../CarGame/Content/ESounds/Wav/Whiz_Short_04.uasset" 616
"../../../CarGame/Content/ESounds/Wav/Whiz_Short_05.uasset" 617
"../../../CarGame/Content/Geometry/Meshes/TemplateFloor.uasset" 618
"../../../CarGame/Content/Map/Canyon.uasset" 619
"../../../CarGame/Content/Map/Car.uasset" 620
"../../../CarGame/Content/Map/EndlessRunnerMode.uasset" 621
"../../../CarGame/Content/Vehicle/Meshes/BaseMaterial.uasset" 622
"../../../CarGame/Content/Vehicle/Meshes/OrangeMaterial.uasset" 623
"../../../CarGame/Content/Map/Truck.uasset" 624
"../../../CarGame/Content/Map/Van.uasset" 625
"../../../Engine/Content/BasicShapes/BasicShapeMaterial.uasset" 626
"../../../CarGame/Content/Map/highway1small.uasset" 627
"../../../CarGame/Content/Map/highway1small_Mat.uasset" 628
"../../../CarGame/Content/Map/Floorplate2.uasset" 629
"../../../CarGame/Content/Map/Side1.uasset" 630
"../../../CarGame/Content/Map/FloorPlate.uasset" 631
"../../../CarGame/Content/Map/Floor_Tile.uasset" 632
"../../../CarGame/Content/Map/TurnPlate.uasset" 633
"../../../CarGame/Content/Map/EndlessRunnerMode_2.uasset" 634
"../../../CarGame/Content/Map/Level-Instance-Vegas.uasset" 635
"../../../CarGame/Content/Map/Level1.uasset" 636
"../../../CarGame/Content/Map/LevelDatabaseActor.uasset" 637
"../../../CarGame/Content/Map/LevelDatabaseActorCanyon.uasset" 638
"../../../CarGame/Content/Map/RoadBlock.uasset" 639
"../../../CarGame/Content/Map/Data/RoadData.uasset" 640
"../../../CarGame/Content/Map/Props/Joshs/ConcreteDividerMaterial.uasset" 641
"../../../CarGame/Content/Map/Props/Joshs/LeftConcreteDivider.uasset" 642
"../../../CarGame/Content/Map/Props/Joshs/RightConcreteDivider.uasset" 643
"../../../CarGame/Content/Map/Props/RoadMesh.uasset" 644
"../../../CarGame/Content/Map/SideRoadThing.uasset" 645
"../../../CarGame/Content/Map/Train-Spline.uasset" 646
"../../../CarGame/Content/Map/Guns/SizeTest.uasset" 647
"../../../CarGame/Content/Map/Guns/RevolverBP.uasset" 648
"../../../CarGame/Content/Map/Guns/SizeTest_PhysicsAsset.uasset" 649
"../../../CarGame/Content/Map/Guns/SizeTest_Skeleton.uasset" 650
"../../../CarGame/Content/Map/Materials/M_Concrete_Panels.uasset" 651
"../../../CarGame/Content/Map/Materials/M_Metal_Burnished_Steel.uasset" 652
"../../../CarGame/Content/Map/Materials/Road.uasset" 653
"../../../CarGame/Content/Map/Materials/Road_Inst.uasset" 654
"../../../CarGame/Content/Map/Props/HubBubbleMat.uasset" 655
"../../../CarGame/Content/Map/Props/HubWorldBubble.uasset" 656
"../../../CarGame/Content/Map/Props/L_GuardRail.uasset" 657
"../../../CarGame/Content/Map/Props/R_GuardRail.uasset" 658
"../../../CarGame/Content/Map/Props/Material_001.uasset" 659
"../../../CarGame/Content/Map/Props/Material_002.uasset" 660
"../../../CarGame/Content/Map/Props/Material_003.uasset" 661
"../../../CarGame/Content/Map/Props/SnowyTree1.uasset" 662
"../../../CarGame/Content/Map/Props/Leafs2.uasset" 663
"../../../CarGame/Content/Map/Props/SnowyTree2.uasset" 664
"../../../CarGame/Content/Map/Props/Leafs3.uasset" 665
"../../../CarGame/Content/Map/Props/Snow2.uasset" 666
"../../../CarGame/Content/Map/Props/SnowyTree3.uasset" 667
"../../../Engine/Content/BasicShapes/Cylinder.uasset" 668
"../../../Engine/Content/BasicShapes/Sphere.uasset" 669
"../../../CarGame/Content/Map/Props/StreetLight.uasset" 670
"../../../CarGame/Content/Map/Props/HubRoads/Black.uasset" 671
"../../../CarGame/Content/Map/Props/HubRoads/Floor.uasset" 672
"../../../CarGame/Content/Map/Props/HubRoads/Lights.uasset" 673
"../../../CarGame/Content/Map/Props/HubRoads/Side.uasset" 674
"../../../CarGame/Content/Map/Props/HubRoads/HubRoadSplineEnd.uasset" 675
"../../../CarGame/Content/Map/Props/HubRoads/Portal.uasset" 676
"../../../CarGame/Content/Map/Props/Joshs/ConcreteDivider2.uasset" 677
"../../../CarGame/Content/MenuShit/Road.uasset" 678
"../../../CarGame/Content/MenuShit/Road_Mat.uasset" 679
"../../../CarGame/Content/Map/Props/Joshs/StreetBlock.uasset" 680
"../../../CarGame/Content/Map/Textures/RoadTexture_BaseColor_Alpha.uasset" 681
"../../../CarGame/Content/Map/Textures/RoadTexture_Normal_Alpha.uasset" 682
"../../../CarGame/Content/Map/Textures/T_Concrete_Panels_D.uasset" 683
"../../../CarGame/Content/Map/Textures/T_Concrete_Panels_N.uasset" 684
"../../../CarGame/Content/Map/Textures/T_MacroVariation.uasset" 685
"../../../CarGame/Content/Map/Textures/T_Metal_Aluminum_D.uasset" 686
"../../../CarGame/Content/Map/Textures/T_Metal_Gold_N.uasset" 687
"../../../CarGame/Content/Map/Textures/T_Perlin_Noise_M.uasset" 688
"../../../CarGame/Content/Menus/1422330005560.uasset" 689
"../../../CarGame/Content/Menus/8032194959_d404e67bd8_b.uasset" 690
"../../../CarGame/Content/Menus/8083954240_53e5e3d492.uasset" 691
"../../../CarGame/Content/Menus/GravityFallsTitle_GravityFall.uasset" 692
"../../../CarGame/Content/Menus/GravityFallsTitle_GravityFall_Mat.uasset" 693
"../../../CarGame/Content/Menus/image6.uasset" 694
"../../../CarGame/Content/MenuShit/BMW.uasset" 695
"../../../CarGame/Content/MenuShit/BMW_2.uasset" 696
"../../../CarGame/Content/MenuShit/Material.uasset" 697
"../../../CarGame/Content/Damage/Enemy_Target.uasset" 698
"../../../CarGame/Content/MenuShit/MenuCar.uasset" 699
"../../../CarGame/Content/MenuShit/RoadMatInst.uasset" 700
"../../../CarGame/Content/MenuShit/SedanMenu.uasset" 701
"../../../CarGame/Content/Multiplayer/BluePrints/Characters/Sedan.uasset" 702
"../../../CarGame/Content/Multiplayer/BluePrints/Characters/Hatchback.uasset" 703
"../../../CarGame/Content/Multiplayer/UI/Lobby/PlayerList.uasset" 704
"../../../CarGame/Content/MultiplayerStuff/ArmAnimBP.uasset" 705
"../../../CarGame/Content/MultiplayerStuff/ArmsAimOffset.uasset" 706
"../../../CarGame/Content/MultiplayerStuff/SessionButton.uasset" 707
"../../../CarGame/Content/MultiplayerStuff/FindSessionMenu.uasset" 708
"../../../CarGame/Content/MultiplayerStuff/HostSessionMenu.uasset" 709
"../../../CarGame/Content/MultiplayerStuff/JoinSessionMenu.uasset" 710
"../../../CarGame/Content/MultiplayerStuff/MultiplayerGameMode.uasset" 711
"../../../CarGame/Content/MultiplayerStuff/ColorWheel/ColorPickerUmg.uasset" 712
"../../../CarGame/Content/MultiplayerStuff/MultiplayerGameModes/FFAGameState.uasset" 713
"../../../CarGame/Content/MultiplayerStuff/MultiplayerRemakes/Bullet.uasset" 714
"../../../CarGame/Content/MultiplayerStuff/MultiplayerRemakes/MuzzleFlash.uasset" 715
"../../../CarGame/Content/MultiplayerStuff/MultiplayerShell/MultiplayerShellBP.uasset" 716
"../../../CarGame/Content/MultiplayerStuff/MultiplayerShell/Shell.uasset" 717
"../../../CarGame/Content/MultiplayerStuff/MultiplayerWidgets/MultiplayerVolumeHealth.uasset" 718
"../../../CarGame/Content/MultiplayerStuff/MultiplayerWidgets/VolumeHealth.uasset" 719
"../../../CarGame/Content/MultiplayerStuff/WeaponPickups/MultiplayerBallBounceGunPickupBP.uasset" 720
"../../../CarGame/Content/MultiplayerStuff/WeaponPickups/BallBounce/BouncingBalls.uasset" 721
"../../../CarGame/Content/MultiplayerStuff/WeaponPickups/BallBounce/FirstPerson/Meshes/BaseMaterial.uasset" 722
"../../../CarGame/Content/MultiplayerStuff/WeaponPickups/BallBounce/FirstPerson/Meshes/FirstPersonProjectileMaterial.uasset" 723
"../../../CarGame/Content/MultiplayerStuff/WeaponPickups/BallBounce/FirstPerson/Meshes/FirstPersonProjectileMesh.uasset" 724
"../../../CarGame/Content/MultiplayerStuff/WeaponPickups/GrenadeLauncher/FirstPersonProjectile.uasset" 725
"../../../CarGame/Content/MultiplayerStuff/WeaponPickups/GrenadeLauncher/GrenadeLunched.uasset" 726
"../../../CarGame/Content/MultiplayerStuff/WeaponPickups/GrenadeLauncher/StickyBomb.uasset" 727
"../../../CarGame/Content/StarterContent/Materials/M_Basic_Floor.uasset" 728
"../../../CarGame/Content/StarterContent/Architecture/Floor_400x400.uasset" 729
"../../../CarGame/Content/StarterContent/Architecture/Pillar_50x500.uasset" 730
"../../../CarGame/Content/StarterContent/Materials/M_AssetPlatform.uasset" 731
"../../../CarGame/Content/StarterContent/Architecture/SM_AssetPlatform.uasset" 732
"../../../CarGame/Content/StarterContent/Architecture/Wall_400x200.uasset" 733
"../../../CarGame/Content/StarterContent/Architecture/Wall_400x300.uasset" 734
"../../../CarGame/Content/StarterContent/Architecture/Wall_400x400.uasset" 735
"../../../CarGame/Content/StarterContent/Architecture/Wall_500x500.uasset" 736
"../../../CarGame/Content/StarterContent/Architecture/Wall_Door_400x300.uasset" 737
"../../../CarGame/Content/StarterContent/Architecture/Wall_Door_400x400.uasset" 738
"../../../CarGame/Content/StarterContent/Architecture/Wall_Window_400x300.uasset" 739
"../../../CarGame/Content/StarterContent/Architecture/Wall_Window_400x400.uasset" 740
"../../../CarGame/Content/StarterContent/Audio/Collapse_Cue.uasset" 741
"../../../CarGame/Content/StarterContent/Audio/Light01_Cue.uasset" 742
"../../../CarGame/Content/StarterContent/Audio/Light02_Cue.uasset" 743
"../../../CarGame/Content/StarterContent/Audio/Starter_Background_Cue.uasset" 744
"../../../CarGame/Content/StarterContent/Audio/Starter_Music_Cue.uasset" 745
"../../../CarGame/Content/StarterContent/Textures/T_Lamp_M.uasset" 746
"../../../CarGame/Content/StarterContent/Textures/T_Lamp_N.uasset" 747
"../../../CarGame/Content/StarterContent/Props/Materials/M_Lamp.uasset" 748
"../../../CarGame/Content/StarterContent/Props/SM_Lamp_Ceiling.uasset" 749
"../../../CarGame/Content/StarterContent/Blueprints/Blueprint_CeilingLight.uasset" 750
"../../../CarGame/Content/StarterContent/Audio/Explosion_Cue.uasset" 751
"../../../CarGame/Content/StarterContent/Blueprints/Blueprint_Effect_Explosion.uasset" 752
"../../../CarGame/Content/StarterContent/Audio/Fire01_Cue.uasset" 753
"../../../CarGame/Content/StarterContent/Textures/T_Fire_SubUV.uasset" 754
"../../../CarGame/Content/StarterContent/Textures/T_Fire_Tiled_D.uasset" 755
"../../../CarGame/Content/StarterContent/Particles/Materials/M_Fire_SubUV.uasset" 756
"../../../CarGame/Content/StarterContent/Textures/T_Water_N.uasset" 757
"../../../CarGame/Content/StarterContent/Particles/Materials/M_Heat_Distortion.uasset" 758
"../../../CarGame/Content/StarterContent/Particles/Materials/M_Radial_Gradient.uasset" 759
"../../../CarGame/Content/StarterContent/Particles/P_Fire.uasset" 760
"../../../CarGame/Content/StarterContent/Blueprints/Blueprint_Effect_Fire.uasset" 761
"../../../CarGame/Content/StarterContent/Audio/Smoke01_Cue.uasset" 762
"../../../CarGame/Content/StarterContent/Particles/P_Smoke.uasset" 763
"../../../CarGame/Content/StarterContent/Blueprints/Blueprint_Effect_Smoke.uasset" 764
"../../../CarGame/Content/StarterContent/Audio/Fire_Sparks01_Cue.uasset" 765
"../../../CarGame/Content/StarterContent/Textures/T_Spark_Core.uasset" 766
"../../../CarGame/Content/StarterContent/Particles/Materials/M_Spark.uasset" 767
"../../../CarGame/Content/StarterContent/Particles/P_Sparks.uasset" 768
"../../../CarGame/Content/StarterContent/Blueprints/Blueprint_Effect_Sparks.uasset" 769
"../../../CarGame/Content/StarterContent/Audio/Steam01_Cue.uasset" 770
"../../../CarGame/Content/StarterContent/Particles/P_Steam_Lit.uasset" 771
"../../../CarGame/Content/StarterContent/Blueprints/Blueprint_Effect_Steam.uasset" 772
"../../../CarGame/Content/StarterContent/Props/SM_Lamp_Wall.uasset" 773
"../../../CarGame/Content/StarterContent/Blueprints/Blueprint_WallSconce.uasset" 774
"../../../CarGame/Content/StarterContent/Blueprints/Assets/FogBrightnessLUT.uasset" 775
"../../../CarGame/Content/StarterContent/Blueprints/Assets/SunlightColorLUT.uasset" 776
"../../../CarGame/Content/StarterContent/Blueprints/Assets/M_LightStage_Arrows.uasset" 777
"../../../Engine/Content/MapTemplates/Sky/DaylightAmbientCubemap.uasset" 778
"../../../CarGame/Content/StarterContent/Blueprints/Assets/M_LightStage_Skybox_Master.uasset" 779
"../../../CarGame/Content/StarterContent/Blueprints/Assets/M_LightStage_Skybox_Black.uasset" 780
"../../../CarGame/Content/StarterContent/Blueprints/Assets/M_LightStage_Skybox_HDRI.uasset" 781
"../../../Engine/Content/EditorMaterials/Thumbnails/SkySphereMaterial.uasset" 782
"../../../CarGame/Content/StarterContent/Blueprints/Assets/Skybox.uasset" 783
"../../../CarGame/Content/StarterContent/Blueprints/Assets/SM_Arrows.uasset" 784
"../../../CarGame/Content/StarterContent/HDRI/HDRI_Epic_Courtyard_Daylight.uasset" 785
"../../../CarGame/Content/StarterContent/Blueprints/BP_LightStudio.uasset" 786
"../../../CarGame/Content/StarterContent/Textures/T_Brick_Clay_Beveled_D.uasset" 787
"../../../CarGame/Content/StarterContent/Textures/T_Brick_Clay_Beveled_M.uasset" 788
"../../../CarGame/Content/StarterContent/Textures/T_Brick_Clay_Beveled_N.uasset" 789
"../../../CarGame/Content/StarterContent/Textures/T_MacroVariation.uasset" 790
"../../../CarGame/Content/StarterContent/Materials/M_Brick_Clay_Beveled.uasset" 791
"../../../CarGame/Content/StarterContent/Textures/T_Brick_Clay_New_D.uasset" 792
"../../../CarGame/Content/StarterContent/Textures/T_Brick_Clay_New_M.uasset" 793
"../../../CarGame/Content/StarterContent/Textures/T_Brick_Clay_New_N.uasset" 794
"../../../CarGame/Content/StarterContent/Textures/T_Detail_Rocky_N.uasset" 795
"../../../CarGame/Content/StarterContent/Materials/M_Brick_Clay_New.uasset" 796
"../../../CarGame/Content/StarterContent/Textures/T_Brick_Clay_Old_D.uasset" 797
"../../../CarGame/Content/StarterContent/Textures/T_Brick_Clay_Old_N.uasset" 798
"../../../CarGame/Content/StarterContent/Textures/T_Perlin_Noise_M.uasset" 799
"../../../CarGame/Content/StarterContent/Materials/M_Brick_Clay_Old.uasset" 800
"../../../CarGame/Content/StarterContent/Textures/T_Brick_Cut_Stone_D.uasset" 801
"../../../CarGame/Content/StarterContent/Textures/T_Brick_Cut_Stone_N.uasset" 802
"../../../CarGame/Content/StarterContent/Materials/M_Brick_Cut_Stone.uasset" 803
"../../../CarGame/Content/StarterContent/Textures/T_Brick_Hewn_Stone_D.uasset" 804
"../../../CarGame/Content/StarterContent/Textures/T_Brick_Hewn_Stone_M.uasset" 805
"../../../CarGame/Content/StarterContent/Textures/T_Brick_Hewn_Stone_N.uasset" 806
"../../../CarGame/Content/StarterContent/Materials/M_Brick_Hewn_Stone.uasset" 807
"../../../CarGame/Content/StarterContent/Textures/T_Ceramic_Tile_M.uasset" 808
"../../../CarGame/Content/StarterContent/Textures/T_Ceramic_Tile_N.uasset" 809
"../../../CarGame/Content/StarterContent/Textures/T_Rock_Marble_Polished_D.uasset" 810
"../../../CarGame/Content/StarterContent/Materials/M_Ceramic_Tile_Checker.uasset" 811
"../../../CarGame/Content/StarterContent/Textures/T_CobbleStone_Pebble_D.uasset" 812
"../../../CarGame/Content/StarterContent/Textures/T_CobbleStone_Pebble_M.uasset" 813
"../../../CarGame/Content/StarterContent/Textures/T_CobbleStone_Pebble_N.uasset" 814
"../../../CarGame/Content/StarterContent/Materials/M_CobbleStone_Pebble.uasset" 815
"../../../CarGame/Content/StarterContent/Textures/T_CobbleStone_Rough_D.uasset" 816
"../../../CarGame/Content/StarterContent/Textures/T_CobbleStone_Rough_N.uasset" 817
"../../../CarGame/Content/StarterContent/Textures/T_Gradinet_01.uasset" 818
"../../../CarGame/Content/StarterContent/Textures/T_Rock_Smooth_Granite_D.uasset" 819
"../../../CarGame/Content/StarterContent/Materials/M_CobbleStone_Rough.uasset" 820
"../../../CarGame/Content/StarterContent/Textures/T_CobbleStone_Smooth_D.uasset" 821
"../../../CarGame/Content/StarterContent/Textures/T_CobbleStone_Smooth_M.uasset" 822
"../../../CarGame/Content/StarterContent/Textures/T_CobbleStone_Smooth_N.uasset" 823
"../../../CarGame/Content/StarterContent/Materials/M_CobbleStone_Smooth.uasset" 824
"../../../CarGame/Content/StarterContent/Materials/M_ColorGrid_LowSpec.uasset" 825
"../../../CarGame/Content/StarterContent/Textures/T_Concrete_Grime_D.uasset" 826
"../../../CarGame/Content/StarterContent/Textures/T_Metal_Rust_N.uasset" 827
"../../../CarGame/Content/StarterContent/Materials/M_Concrete_Grime.uasset" 828
"../../../CarGame/Content/StarterContent/Textures/T_Concrete_Panels_D.uasset" 829
"../../../CarGame/Content/StarterContent/Textures/T_Concrete_Panels_N.uasset" 830
"../../../CarGame/Content/StarterContent/Materials/M_Concrete_Panels.uasset" 831
"../../../CarGame/Content/StarterContent/Textures/T_Concrete_Poured_D.uasset" 832
"../../../CarGame/Content/StarterContent/Textures/T_Concrete_Poured_N.uasset" 833
"../../../CarGame/Content/StarterContent/Materials/M_Concrete_Poured.uasset" 834
"../../../CarGame/Content/StarterContent/Textures/T_Concrete_Tiles_D.uasset" 835
"../../../CarGame/Content/StarterContent/Textures/T_Concrete_Tiles_M.uasset" 836
"../../../CarGame/Content/StarterContent/Textures/T_Concrete_Tiles_N.uasset" 837
"../../../CarGame/Content/StarterContent/Textures/T_Concrete_Tiles_Variation_M.uasset" 838
"../../../CarGame/Content/StarterContent/Materials/M_Concrete_Tiles.uasset" 839
"../../../CarGame/Content/StarterContent/Textures/T_Ground_Grass_D.uasset" 840
"../../../CarGame/Content/StarterContent/Textures/T_Ground_Grass_N.uasset" 841
"../../../CarGame/Content/StarterContent/Materials/M_Ground_Grass.uasset" 842
"../../../CarGame/Content/StarterContent/Textures/T_Ground_Gravel_D.uasset" 843
"../../../CarGame/Content/StarterContent/Textures/T_Ground_Gravel_N.uasset" 844
"../../../CarGame/Content/StarterContent/Materials/M_Ground_Gravel.uasset" 845
"../../../CarGame/Content/StarterContent/Textures/T_ground_Moss_D.uasset" 846
"../../../CarGame/Content/StarterContent/Textures/T_Ground_Moss_N.uasset" 847
"../../../CarGame/Content/StarterContent/Materials/M_Ground_Moss.uasset" 848
"../../../CarGame/Content/StarterContent/Materials/M_Metal_Brushed_Nickel.uasset" 849
"../../../CarGame/Content/StarterContent/Textures/T_Metal_Aluminum_D.uasset" 850
"../../../CarGame/Content/StarterContent/Textures/T_Metal_Gold_N.uasset" 851
"../../../CarGame/Content/StarterContent/Materials/M_Metal_Burnished_Steel.uasset" 852
"../../../CarGame/Content/StarterContent/Materials/M_Metal_Chrome.uasset" 853
"../../../CarGame/Content/StarterContent/Textures/T_Metal_Copper_D.uasset" 854
"../../../CarGame/Content/StarterContent/Materials/M_Metal_Copper.uasset" 855
"../../../CarGame/Content/StarterContent/Textures/T_Metal_Gold_D.uasset" 856
"../../../CarGame/Content/StarterContent/Materials/M_Metal_Gold.uasset" 857
"../../../Engine/Content/Functions/Engine_MaterialFunctions02/Utility/BlendAngleCorrectedNormals.uasset" 858
"../../../CarGame/Content/StarterContent/Textures/T_Metal_Rust_D.uasset" 859
"../../../CarGame/Content/StarterContent/Materials/M_Metal_Rust.uasset" 860
"../../../CarGame/Content/StarterContent/Textures/T_Metal_Steel_D.uasset" 861
"../../../CarGame/Content/StarterContent/Textures/T_Metal_Steel_N.uasset" 862
"../../../CarGame/Content/StarterContent/Materials/M_Metal_Steel.uasset" 863
"../../../CarGame/Content/StarterContent/Textures/T_Rock_Basalt_D.uasset" 864
"../../../CarGame/Content/StarterContent/Textures/T_Rock_Basalt_N.uasset" 865
"../../../CarGame/Content/StarterContent/Materials/M_Rock_Basalt.uasset" 866
"../../../CarGame/Content/StarterContent/Materials/M_Rock_Marble_Polished.uasset" 867
"../../../CarGame/Content/StarterContent/Textures/T_Rock_Sandstone_D.uasset" 868
"../../../CarGame/Content/StarterContent/Textures/T_Rock_Sandstone_N.uasset" 869
"../../../CarGame/Content/StarterContent/Materials/M_Rock_Sandstone.uasset" 870
"../../../CarGame/Content/StarterContent/Textures/T_Rock_Slate_D.uasset" 871
"../../../CarGame/Content/StarterContent/Textures/T_Rock_Slate_N.uasset" 872
"../../../CarGame/Content/StarterContent/Materials/M_Rock_Slate.uasset" 873
"../../../CarGame/Content/StarterContent/Textures/T_Checker_Noise_M.uasset" 874
"../../../CarGame/Content/StarterContent/Textures/T_Single_Tile_N.uasset" 875
"../../../CarGame/Content/StarterContent/Textures/T_Tech_Dot_M.uasset" 876
"../../../CarGame/Content/StarterContent/Textures/T_Tech_Dot_N.uasset" 877
"../../../CarGame/Content/StarterContent/Materials/M_Tech_Checker_Dot.uasset" 878
"../../../CarGame/Content/StarterContent/Textures/T_Tech_Hex_Tile_M.uasset" 879
"../../../CarGame/Content/StarterContent/Textures/T_Tech_Hex_Tile_N.uasset" 880
"../../../CarGame/Content/StarterContent/Materials/M_Tech_Hex_Tile.uasset" 881
"../../../CarGame/Content/StarterContent/Materials/M_Tech_Hex_Tile_Pulse.uasset" 882
"../../../CarGame/Content/StarterContent/Textures/T_Tech_Panel_M.uasset" 883
"../../../CarGame/Content/StarterContent/Textures/T_Tech_Panel_N.uasset" 884
"../../../CarGame/Content/StarterContent/Materials/M_Tech_Panel.uasset" 885
"../../../CarGame/Content/StarterContent/Materials/M_Water_Lake.uasset" 886
"../../../CarGame/Content/StarterContent/Textures/T_Water_M.uasset" 887
"../../../CarGame/Content/StarterContent/Materials/M_Water_Ocean.uasset" 888
"../../../CarGame/Content/StarterContent/Textures/T_Wood_Floor_Walnut_D.uasset" 889
"../../../CarGame/Content/StarterContent/Textures/T_Wood_Floor_Walnut_M.uasset" 890
"../../../CarGame/Content/StarterContent/Textures/T_Wood_Floor_Walnut_N.uasset" 891
"../../../CarGame/Content/StarterContent/Materials/M_Wood_Floor_Walnut_Polished.uasset" 892
"../../../Engine/Content/Functions/Engine_MaterialFunctions01/Opacity/AlphaOffset.uasset" 893
"../../../CarGame/Content/StarterContent/Materials/M_Wood_Floor_Walnut_Worn.uasset" 894
"../../../CarGame/Content/StarterContent/Textures/T_Wood_Oak_D.uasset" 895
"../../../CarGame/Content/StarterContent/Textures/T_Wood_Oak_N.uasset" 896
"../../../CarGame/Content/StarterContent/Materials/M_Wood_Oak.uasset" 897
"../../../CarGame/Content/StarterContent/Textures/T_Wood_Pine_D.uasset" 898
"../../../CarGame/Content/StarterContent/Textures/T_Wood_Pine_N.uasset" 899
"../../../CarGame/Content/StarterContent/Materials/M_Wood_Pine.uasset" 900
"../../../CarGame/Content/StarterContent/Textures/T_Wood_Walnut_D.uasset" 901
"../../../CarGame/Content/StarterContent/Textures/T_Wood_Walnut_N.uasset" 902
"../../../CarGame/Content/StarterContent/Materials/M_Wood_Walnut.uasset" 903
"../../../CarGame/Content/StarterContent/Materials/Snow.uasset" 904
"../../../CarGame/Content/StarterContent/Particles/FireForever.uasset" 905
"../../../CarGame/Content/StarterContent/Textures/T_Dust_Particle_D.uasset" 906
"../../../CarGame/Content/StarterContent/Particles/Materials/M_Dust_Particle.uasset" 907
"../../../CarGame/Content/StarterContent/Particles/P_Ambient_Dust.uasset" 908
"../../../CarGame/Content/StarterContent/Particles/P_Fire_2.uasset" 909
"../../../CarGame/Content/StarterContent/Props/MaterialSphere.uasset" 910
"../../../CarGame/Content/StarterContent/Textures/T_Bush_D.uasset" 911
"../../../CarGame/Content/StarterContent/Textures/T_Bush_N.uasset" 912
"../../../CarGame/Content/StarterContent/Props/Materials/M_Bush.uasset" 913
"../../../CarGame/Content/StarterContent/Props/SM_Bush.uasset" 914
"../../../CarGame/Content/StarterContent/Textures/T_Chair_M.uasset" 915
"../../../CarGame/Content/StarterContent/Textures/T_Chair_N.uasset" 916
"../../../CarGame/Content/StarterContent/Props/Materials/M_Chair.uasset" 917
"../../../CarGame/Content/StarterContent/Props/SM_Chair.uasset" 918
"../../../CarGame/Content/StarterContent/Textures/T_Frame_M.uasset" 919
"../../../CarGame/Content/StarterContent/Textures/T_Frame_N.uasset" 920
"../../../CarGame/Content/StarterContent/Props/Materials/M_Frame.uasset" 921
"../../../CarGame/Content/StarterContent/Props/SM_CornerFrame.uasset" 922
"../../../CarGame/Content/StarterContent/Props/SM_Couch.uasset" 923
"../../../CarGame/Content/StarterContent/Materials/M_Glass.uasset" 924
"../../../CarGame/Content/StarterContent/Textures/T_Door_M.uasset" 925
"../../../CarGame/Content/StarterContent/Textures/T_Door_N.uasset" 926
"../../../CarGame/Content/StarterContent/Props/Materials/M_Door.uasset" 927
"../../../CarGame/Content/StarterContent/Props/SM_Door.uasset" 928
"../../../CarGame/Content/StarterContent/Props/SM_DoorFrame.uasset" 929
"../../../CarGame/Content/StarterContent/Props/SM_GlassWindow.uasset" 930
"../../../CarGame/Content/StarterContent/Props/Materials/M_MaterialSphere.uasset" 931
"../../../CarGame/Content/StarterContent/Props/Materials/M_MaterialSphere_Plain.uasset" 932
"../../../CarGame/Content/StarterContent/Props/SM_MatPreviewMesh_02.uasset" 933
"../../../CarGame/Content/StarterContent/Props/SM_PillarFrame.uasset" 934
"../../../CarGame/Content/StarterContent/Props/SM_PillarFrame300.uasset" 935
"../../../CarGame/Content/StarterContent/Textures/T_RockMesh_M.uasset" 936
"../../../CarGame/Content/StarterContent/Textures/T_RockMesh_N.uasset" 937
"../../../CarGame/Content/StarterContent/Props/Materials/M_Rock.uasset" 938
"../../../CarGame/Content/StarterContent/Props/SM_Rock.uasset" 939
"../../../CarGame/Content/StarterContent/Textures/T_Shelf_M.uasset" 940
"../../../CarGame/Content/StarterContent/Textures/T_Shelf_N.uasset" 941
"../../../CarGame/Content/StarterContent/Props/Materials/M_Shelf.uasset" 942
"../../../CarGame/Content/StarterContent/Props/SM_Shelf.uasset" 943
"../../../CarGame/Content/StarterContent/Props/SM_Stairs.uasset" 944
"../../../CarGame/Content/StarterContent/Textures/T_TableRound_M.uasset" 945
"../../../CarGame/Content/StarterContent/Textures/T_TableRound_N.uasset" 946
"../../../CarGame/Content/StarterContent/Props/Materials/M_TableRound.uasset" 947
"../../../CarGame/Content/StarterContent/Props/SM_TableRound.uasset" 948
"../../../CarGame/Content/StarterContent/Props/SM_WindowFrame.uasset" 949
"../../../CarGame/Content/StarterContent/Shapes/Shape_Cone.uasset" 950
"../../../CarGame/Content/StarterContent/Shapes/Shape_Cube.uasset" 951
"../../../CarGame/Content/StarterContent/Shapes/Shape_NarrowCapsule.uasset" 952
"../../../CarGame/Content/StarterContent/Shapes/Shape_Pipe.uasset" 953
"../../../CarGame/Content/StarterContent/Shapes/Shape_Pipe_180.uasset" 954
"../../../CarGame/Content/StarterContent/Shapes/Shape_Pipe_90.uasset" 955
"../../../CarGame/Content/StarterContent/Shapes/Shape_Plane.uasset" 956
"../../../CarGame/Content/StarterContent/Shapes/Shape_QuadPyramid.uasset" 957
"../../../CarGame/Content/StarterContent/Shapes/Shape_Torus.uasset" 958
"../../../CarGame/Content/StarterContent/Shapes/Shape_Trim.uasset" 959
"../../../CarGame/Content/StarterContent/Shapes/Shape_Trim_90_In.uasset" 960
"../../../CarGame/Content/StarterContent/Shapes/Shape_Trim_90_Out.uasset" 961
"../../../CarGame/Content/StarterContent/Shapes/Shape_TriPyramid.uasset" 962
"../../../CarGame/Content/StarterContent/Shapes/Shape_Tube.uasset" 963
"../../../CarGame/Content/StarterContent/Shapes/Shape_Wedge_A.uasset" 964
"../../../CarGame/Content/StarterContent/Shapes/Shape_Wedge_B.uasset" 965
"../../../CarGame/Content/StarterContent/Shapes/Shape_WideCapsule.uasset" 966
"../../../Engine/Content/BasicShapes/Cube.uasset" 967
"../../../CarGame/Content/Test/FallingCliff.uasset" 968
"../../../CarGame/Content/Test/Blue.uasset" 969
"../../../CarGame/Content/Test/Red.uasset" 970
"../../../CarGame/Content/Test/White.uasset" 971
"../../../CarGame/Content/Test/Health_Pickup.uasset" 972
"../../../CarGame/Content/Test/HealthPickupBP.uasset" 973
"../../../CarGame/Content/Test/Character/Steering_Hand_Skeleton.uasset" 974
"../../../CarGame/Content/Test/Character/Steering_Hand_Anim_Armature_ArmatureAction.uasset" 975
"../../../CarGame/Content/Test/Character/LeftHand/ScaledRight/LeftArmReload_Skeleton.uasset" 976
"../../../CarGame/Content/Test/Character/LeftHand/ScaledRight/LeftArmReload_Anim.uasset" 977
"../../../CarGame/Content/Test/Character/LeftHand/ScaledRight/RightArmReload_Skeleton.uasset" 978
"../../../CarGame/Content/Test/Character/LeftHand/ScaledRight/RightArmIdle.uasset" 979
"../../../CarGame/Content/Test/Character/LeftHand/ScaledRight/RightArmReload_Anim_Armature_000_Armature_000Action.uasset" 980
"../../../CarGame/Content/Test/Character/ReloadAnim/ArmsReload_Skeleton.uasset" 981
"../../../CarGame/Content/Test/Character/ReloadAnim/ArmsReload_Anim.uasset" 982
"../../../CarGame/Content/Test/Guns/Mac-10/Mac10.uasset" 983
"../../../CarGame/Content/Test/Character/ReloadAnim/ArmsReload_PhysicsAsset.uasset" 984
"../../../CarGame/Content/Test/Character/ReloadAnim/ArmsReload.uasset" 985
"../../../CarGame/Content/Test/Character/ReloadAnim/Reload.uasset" 986
"../../../CarGame/Content/Test/Character/ScaledRight/Arms_Rig_ScaledProperly_Connected.uasset" 987
"../../../CarGame/Content/Test/Character/Shield/HologramInst.uasset" 988
"../../../CarGame/Content/Test/Guns/Glock/Reload_Anim_Armature_ArmatureAction_001.uasset" 989
"../../../CarGame/Content/Test/Guns/Mac-10/Mac-10_Untextured_Idle_Anim.uasset" 990
"../../../CarGame/Content/Test/IceTest/IceBlock.uasset" 991
"../../../CarGame/Content/Test/MuzzleFlashes/HelicopterMuzzleFlash.uasset" 992
"../../../CarGame/Content/Test/MuzzleFlashes/MuzzleFlash_2.uasset" 993
"../../../CarGame/Content/Test/Shells/45acp/Shell_Casing.uasset" 994
"../../../CarGame/Content/Vehicle/Textures/VehicleJoystick_BackgroundL.uasset" 995
"../../../CarGame/Content/Vehicle/Textures/VehicleJoystick_BackgroundR.uasset" 996
"../../../CarGame/Content/Vehicle/Sedan/SedanVirtualJoysticks.uasset" 997
"../../../CarGame/Content/Vehicle/Sedan/Materials/M_Vehicle_Sedan_Inst_Paint.uasset" 998
"../../../CarGame/Content/VehicleAdv/Vehicle/VehicleSkeleton.uasset" 999
"../../../CarGame/Content/VehicleAdv/Vehicle/VehicleAnimationBlueprint.uasset" 1000
"../../../CarGame/Content/VehicleAdv/PhysicsMaterials/NonSlippery.uasset" 1001
"../../../CarGame/Content/VehicleAdv/PhysicsMaterials/Slippery.uasset" 1002
"../../../CarGame/Content/VehicleAdv/Vehicle/WheelData/Vehicle_BackTireConfig.uasset" 1003
"../../../CarGame/Content/VehicleAdvBP/Blueprints/WheelData/WheelBack.uasset" 1004
"../../../CarGame/Content/VehicleAdv/Vehicle/WheelData/Vehicle_FrontTireConfig.uasset" 1005
"../../../CarGame/Content/VehicleAdvBP/Blueprints/WheelData/WheelFront.uasset" 1006
"../../../CarGame/Content/VehicleBP/Bullet_2.uasset" 1007
"../../../CarGame/Content/VehicleBP/HelicopterBullet.uasset" 1008
"../../../CarGame/Content/VehicleBP/Sedan/134524-39223d98facc05d00aa0f05d8167e45c_big-image-png-sound-waves-clipart-png_2261-1208.uasset" 1009
"../../../CarGame/Content/VehicleBP/Sedan/134525-43248895-vector-sound-waves-background-stock-vector.uasset" 1010
"../../../CarGame/Content/VehicleBP/Sedan/134525-43248895-vector-sound-waves-background-stock-vector_Mat.uasset" 1011
"../../../CarGame/Content/VehicleBP/Sedan/BMW_BackWheel.uasset" 1012
"../../../CarGame/Content/VehicleBP/Sedan/BMW_FrontWheel.uasset" 1013
"../../../CarGame/Content/VehicleBP/Sedan/Hatchback_Mk4.uasset" 1014
"../../../CarGame/Content/VehicleBP/Sedan/Radio.uasset" 1015
"../../../CarGame/Content/VehicleBP/Sedan/Radio_Background.uasset" 1016
"../../../Engine/Content/Functions/Engine_MaterialFunctions01/Gradient/RadialGradientExponential.uasset" 1017
"../../../Engine/Content/Functions/Engine_MaterialFunctions02/Utility/VectorToRadialValue.uasset" 1018
"../../../CarGame/Content/Volume/CircleHealth.uasset" 1019
"../../../Engine/Plugins/2D/Paper2D/Content/DummySprite.uasset" 1020
"../../../Engine/Plugins/2D/Paper2D/Content/DefaultPaperTerrainMaterial.uasset" 1021
"../../../Engine/Plugins/2D/Paper2D/Content/DefaultSpriteMaterial.uasset" 1022
"../../../Engine/Plugins/2D/Paper2D/Content/MaskedUnlitSpriteMaterial.uasset" 1023
"../../../Engine/Plugins/2D/Paper2D/Content/OpaqueUnlitSpriteMaterial.uasset" 1024
"../../../Engine/Plugins/2D/Paper2D/Content/PlaceholderTextures/DummySpriteTexture.uasset" 1025
"../../../Engine/Content/EngineSky/C_Sky_Cloud_Color.uasset" 1026
"../../../Engine/Content/EngineSky/C_Sky_Horizon_Color.uasset" 1027
"../../../Engine/Content/EngineSky/C_Sky_Zenith_Color.uasset" 1028
"../../../Engine/Content/EngineSky/T_Sky_Blue.uasset" 1029
"../../../Engine/Content/EngineSky/T_Sky_Clouds_M.uasset" 1030
"../../../Engine/Content/EngineSky/T_Sky_Stars.uasset" 1031
"../../../Engine/Content/EngineSky/M_Sky_Panning_Clouds2.uasset" 1032
"../../../Engine/Content/EngineSky/SM_SkySphere.uasset" 1033
"../../../Engine/Content/EngineSky/BP_Sky_Sphere.uasset" 1034
"../../../CarGame/Content/Map/TrackGenerator.uasset" 1035
"../../../CarGame/Content/MultiplayerStuff/WeaponPickups/KillVolume.uasset" 1036
"../../../CarGame/Content/MultiplayerStuff/WeaponPickups/MultiplayerDeaglePickupBP.uasset" 1037
"../../../CarGame/Content/MultiplayerStuff/WeaponPickups/MultiplayerMac10Pickup.uasset" 1038
"../../../CarGame/Content/MultiplayerStuff/WeaponPickups/MultiplayerShotgunPickup.uasset" 1039
"../../../CarGame/Content/MultiplayerStuff/WeaponPickups/MultiplayerStickyBombPickup.uasset" 1040
"../../../CarGame/Content/Timer.uasset" 1041
"../../../CarGame/Content/TimeBoard.uasset" 1042
"../../../CarGame/Content/Map/Levels/Arena_BuiltData.uasset" 1043
"../../../CarGame/Content/GroundMat.uasset" 1044
"../../../CarGame/Content/Box_Brush15_StaticMesh.uasset" 1045
"../../../CarGame/Content/Box_Brush16_StaticMesh.uasset" 1046
"../../../CarGame/Content/Box_Brush17_StaticMesh.uasset" 1047
"../../../CarGame/Content/Box_Brush18_StaticMesh.uasset" 1048
"../../../CarGame/Content/Box_Brush7_StaticMesh.uasset" 1049
"../../../CarGame/Content/Box_Brush8_StaticMesh.uasset" 1050
"../../../CarGame/Content/Box_Brush9_StaticMesh.uasset" 1051
"../../../CarGame/Content/Cylinder_Brush2_StaticMesh.uasset" 1052
"../../../CarGame/Content/Cylinder_Brush_StaticMesh.uasset" 1053
"../../../CarGame/Content/Map/Levels/Arena.umap" 1054
"../../../CarGame/Content/MultiplayerStuff/WeaponPickups/MultiplayerBoostPickup.uasset" 1055
"../../../CarGame/Content/MultiplayerStuff/WeaponPickups/MultiplayerRevolverPickup.uasset" 1056
"../../../CarGame/Content/Map/Levels/Jump_2_BuiltData.uasset" 1057
"../../../CarGame/Content/Map/Levels/Jump_2.umap" 1058
"../../../CarGame/Content/MenuShit/MenuCarAutoDriving.uasset" 1059
"../../../CarGame/Content/MenuShit/Spline.uasset" 1060
"../../../CarGame/Content/Map/Levels/Menu_BuiltData.uasset" 1061
"../../../CarGame/Content/EmptyBack.uasset" 1062
"../../../CarGame/Content/Menus/Main-Menu2.uasset" 1063
"../../../CarGame/Content/Menus/Main-Menu.uasset" 1064
"../../../CarGame/Content/Map/Levels/Menu.umap" 1065
"../../../CarGame/Content/Map/Props/HubRoads/HubRoadSpline.uasset" 1066
"../../../CarGame/Content/Map/Props/HubRoads/HubRoadSplineBP.uasset" 1067
"../../../CarGame/Content/Map/RoadSpline.uasset" 1068
"../../../CarGame/Content/MenuShit/Menu-Camera.uasset" 1069
"../../../CarGame/Content/Test/Battery/BatterInner.uasset" 1070
"../../../CarGame/Content/Test/Battery/Glass.uasset" 1071
"../../../CarGame/Content/Test/Battery/Metal.uasset" 1072
"../../../CarGame/Content/Test/Battery/Battery.uasset" 1073
"../../../CarGame/Content/Test/Battery/Battery_Inner.uasset" 1074
"../../../CarGame/Content/Test/Battery/BatteryBP.uasset" 1075
"../../../CarGame/Content/VehicleBP/Blueprints/VehicleGameMode.uasset" 1076
"../../../CarGame/Content/VehicleBP/Maps/VehicleExampleMap_BuiltData.uasset" 1077
"../../../CarGame/Content/Vehicle/Meshes/GrayMaterial.uasset" 1078
"../../../CarGame/Content/Vehicle/Meshes/WhiteMaterial.uasset" 1079
"../../../CarGame/Content/Geometry/Meshes/1M_Cube_Chamfer.uasset" 1080
"../../../CarGame/Content/Snowflake/Snow-Particle-Lit_M.uasset" 1081
"../../../CarGame/Content/Snowflake/Snow-Particle-Unlit_M2.uasset" 1082
"../../../CarGame/Content/Snowflake/snowFlake_.uasset" 1083
"../../../CarGame/Content/Snowflake/Snowflake-Lit-M.uasset" 1084
"../../../CarGame/Content/Snowflake/Snowflake-Unlit-M.uasset" 1085
"../../../CarGame/Content/Snowflake/Snow.uasset" 1086
"../../../CarGame/Content/Vehicle/Meshes/RoughTerrain_StaticMesh.uasset" 1087
"../../../CarGame/Content/VehicleBP/Maps/VehicleExampleMap.umap" 1088
"../../../Engine/Content/Functions/Engine_MaterialFunctions02/Math/TimeWithSpeedVariable.uasset" 1089
"../../../Engine/Content/Functions/Engine_MaterialFunctions02/Utility/MakeFloat2.uasset" 1090
"../../../CarGame/Content/Water/LowResBlurredNoise.uasset" 1091
"../../../CarGame/Content/Water/WaterMaterial.uasset" 1092
"../../../CarGame/Content/Water/WaterMaterial_Inst.uasset" 1093
"../../../CarGame/Content/Water/Water.uasset" 1094
"../../../CarGame/Content/ShippingYard.umap" 1095
